Using pre-set license
Built from '2020.3/staging' branch; Version is '2020.3.8f1 (507919d4fff5) revision 5273881'; Using compiler version '192528614'; Build Type 'Release'
OS: 'Windows 10 Home Single Language; OS build 19041.1110; Version 2004; 64bit' Language: 'tr' Physical Memory: 16272 MB
BatchMode: 1, IsHumanControllingUs: 0, StartBugReporterOnCrash: 0, Is64bit: 1, IsPro: 0

 COMMAND LINE ARGUMENTS:
C:\Program Files\Unity\Hub\Editor\2020.3.8f1\Editor\Unity.exe
-adb2
-batchMode
-noUpm
-name
AssetImportWorker0
-projectPath
C:/Users/Ali/Desktop/Unity ders/Uzay Gemisi
-logFile
Logs/AssetImportWorker0.log
-srvPort
49511
Successfully changed project path to: C:/Users/Ali/Desktop/Unity ders/Uzay Gemisi
C:/Users/Ali/Desktop/Unity ders/Uzay Gemisi
Using Asset Import Pipeline V2.
Refreshing native plugins compatible for Editor in 48.47 ms, found 1 plugins.
Preloading 0 native plugins for Editor in 0.00 ms.
Initialize engine version: 2020.3.8f1 (507919d4fff5)
[Subsystems] Discovering subsystems at path C:/Program Files/Unity/Hub/Editor/2020.3.8f1/Editor/Data/Resources/UnitySubsystems
[Subsystems] Discovering subsystems at path C:/Users/Ali/Desktop/Unity ders/Uzay Gemisi/Assets
GfxDevice: creating device client; threaded=0
Direct3D:
    Version:  Direct3D 11.0 [level 11.1]
    Renderer: NVIDIA GeForce GTX 1050 (ID=0x1c8d)
    Vendor:   
    VRAM:     1977 MB
    Driver:   27.21.14.6627
Initialize mono
Mono path[0] = 'C:/Program Files/Unity/Hub/Editor/2020.3.8f1/Editor/Data/Managed'
Mono path[1] = 'C:/Program Files/Unity/Hub/Editor/2020.3.8f1/Editor/Data/MonoBleedingEdge/lib/mono/unityjit'
Mono config path = 'C:/Program Files/Unity/Hub/Editor/2020.3.8f1/Editor/Data/MonoBleedingEdge/etc'
Using monoOptions --debugger-agent=transport=dt_socket,embedding=1,server=y,suspend=n,address=127.0.0.1:56224
Begin MonoManager ReloadAssembly
Registering precompiled unity dll's ...
Register platform support module: C:/Program Files/Unity/Hub/Editor/2020.3.8f1/Editor/Data/PlaybackEngines/WebGLSupport/UnityEditor.WebGL.Extensions.dll
Register platform support module: C:/Program Files/Unity/Hub/Editor/2020.3.8f1/Editor/Data/PlaybackEngines/WindowsStandaloneSupport/UnityEditor.WindowsStandalone.Extensions.dll
Registered in 0.005546 seconds.
Native extension for WindowsStandalone target not found
Native extension for WebGL target not found
Refreshing native plugins compatible for Editor in 41.72 ms, found 1 plugins.
Preloading 0 native plugins for Editor in 0.00 ms.
Mono: successfully reloaded assembly
- Completed reload, in  2.209 seconds
Platform modules already initialized, skipping
Registering precompiled user dll's ...
Registered in 0.002743 seconds.
Begin MonoManager ReloadAssembly
Native extension for WindowsStandalone target not found
Native extension for WebGL target not found
Refreshing native plugins compatible for Editor in 37.23 ms, found 1 plugins.
Preloading 0 native plugins for Editor in 0.00 ms.
Mono: successfully reloaded assembly
- Completed reload, in  1.065 seconds
Platform modules already initialized, skipping
========================================================================
Worker process is ready to serve import requests
Launched and connected shader compiler UnityShaderCompiler.exe after 0.07 seconds
Refreshing native plugins compatible for Editor in 0.37 ms, found 1 plugins.
Preloading 0 native plugins for Editor in 0.00 ms.
Unloading 1810 Unused Serialized files (Serialized files now loaded: 0)
System memory in use before: 84.9 MB.
System memory in use after: 84.9 MB.

Unloading 24 unused Assets to reduce memory usage. Loaded Objects now: 2252.
Total: 2.343700 ms (FindLiveObjects: 0.197200 ms CreateObjectMapping: 0.073300 ms MarkObjects: 1.882800 ms  DeleteObjects: 0.189200 ms)

========================================================================
Received Import Request.
  path: Assets/EnemyRespawnPoint.cs
  artifactKey: Guid(a12d17063aeb9894e8c93e4d3a859a99) Importer(815301076,1909f56bfc062723c751e8b465ee728b)
Start importing Assets/EnemyRespawnPoint.cs using Guid(a12d17063aeb9894e8c93e4d3a859a99) Importer(815301076,1909f56bfc062723c751e8b465ee728b)  -> (artifact id: '50f6c7579953df7cdd17619ba295b46e') in 0.052820 seconds
  Import took 0.058055 seconds .

========================================================================
Received Prepare
Registering precompiled user dll's ...
Registered in 0.001161 seconds.
Begin MonoManager ReloadAssembly
Native extension for WindowsStandalone target not found
Native extension for WebGL target not found
Refreshing native plugins compatible for Editor in 0.63 ms, found 1 plugins.
Preloading 0 native plugins for Editor in 0.00 ms.
Mono: successfully reloaded assembly
- Completed reload, in  1.141 seconds
Platform modules already initialized, skipping
Refreshing native plugins compatible for Editor in 0.55 ms, found 1 plugins.
Preloading 0 native plugins for Editor in 0.00 ms.
Unloading 1806 Unused Serialized files (Serialized files now loaded: 0)
System memory in use before: 84.9 MB.
System memory in use after: 84.9 MB.

Unloading 12 unused Assets to reduce memory usage. Loaded Objects now: 2257.
Total: 2.551900 ms (FindLiveObjects: 0.173700 ms CreateObjectMapping: 0.068700 ms MarkObjects: 2.083300 ms  DeleteObjects: 0.225300 ms)

========================================================================
Received Import Request.
  Time since last request: 44.099777 seconds.
  path: Assets/EnemyPosition.cs
  artifactKey: Guid(e56dca50c258d2445aedba05b8ed0f28) Importer(815301076,1909f56bfc062723c751e8b465ee728b)
Start importing Assets/EnemyPosition.cs using Guid(e56dca50c258d2445aedba05b8ed0f28) Importer(815301076,1909f56bfc062723c751e8b465ee728b)  -> (artifact id: 'e3bd168ca8dff52340690edcab194be1') in 0.011018 seconds
  Import took 0.015491 seconds .

========================================================================
Received Prepare
Registering precompiled user dll's ...
Registered in 0.001301 seconds.
Begin MonoManager ReloadAssembly
Native extension for WindowsStandalone target not found
Native extension for WebGL target not found
Refreshing native plugins compatible for Editor in 0.44 ms, found 1 plugins.
Preloading 0 native plugins for Editor in 0.00 ms.
Mono: successfully reloaded assembly
- Completed reload, in  1.200 seconds
Platform modules already initialized, skipping
Refreshing native plugins compatible for Editor in 0.41 ms, found 1 plugins.
Preloading 0 native plugins for Editor in 0.00 ms.
Unloading 1806 Unused Serialized files (Serialized files now loaded: 0)
System memory in use before: 84.9 MB.
System memory in use after: 84.9 MB.

Unloading 12 unused Assets to reduce memory usage. Loaded Objects now: 2261.
Total: 2.950600 ms (FindLiveObjects: 0.219200 ms CreateObjectMapping: 0.123800 ms MarkObjects: 2.442800 ms  DeleteObjects: 0.162400 ms)

========================================================================
Received Prepare
Registering precompiled user dll's ...
Registered in 0.001192 seconds.
Begin MonoManager ReloadAssembly
Native extension for WindowsStandalone target not found
Native extension for WebGL target not found
Refreshing native plugins compatible for Editor in 0.39 ms, found 1 plugins.
Preloading 0 native plugins for Editor in 0.00 ms.
Mono: successfully reloaded assembly
- Completed reload, in  1.159 seconds
Platform modules already initialized, skipping
Refreshing native plugins compatible for Editor in 0.44 ms, found 1 plugins.
Preloading 0 native plugins for Editor in 0.00 ms.
Unloading 1806 Unused Serialized files (Serialized files now loaded: 0)
System memory in use before: 84.9 MB.
System memory in use after: 84.9 MB.

Unloading 12 unused Assets to reduce memory usage. Loaded Objects now: 2265.
Total: 2.456300 ms (FindLiveObjects: 0.196400 ms CreateObjectMapping: 0.064000 ms MarkObjects: 2.066900 ms  DeleteObjects: 0.127500 ms)

========================================================================
Received Import Request.
  Time since last request: 114.048520 seconds.
  path: Assets/EnemyPosition.prefab
  artifactKey: Guid(75d5d25185644a24b9609dad794055bf) Importer(815301076,1909f56bfc062723c751e8b465ee728b)
Start importing Assets/EnemyPosition.prefab using Guid(75d5d25185644a24b9609dad794055bf) Importer(815301076,1909f56bfc062723c751e8b465ee728b)  -> (artifact id: '4076e8a06609658eb623a9311c176e39') in 0.048357 seconds
  Import took 0.057330 seconds .

========================================================================
Received Prepare
Registering precompiled user dll's ...
Registered in 0.001645 seconds.
Begin MonoManager ReloadAssembly
Native extension for WindowsStandalone target not found
Native extension for WebGL target not found
Refreshing native plugins compatible for Editor in 0.33 ms, found 1 plugins.
Preloading 0 native plugins for Editor in 0.00 ms.
Mono: successfully reloaded assembly
- Completed reload, in  1.096 seconds
Platform modules already initialized, skipping
Refreshing native plugins compatible for Editor in 0.34 ms, found 1 plugins.
Preloading 0 native plugins for Editor in 0.00 ms.
Unloading 1806 Unused Serialized files (Serialized files now loaded: 0)
System memory in use before: 85.0 MB.
System memory in use after: 84.9 MB.

Unloading 12 unused Assets to reduce memory usage. Loaded Objects now: 2269.
Total: 2.331800 ms (FindLiveObjects: 0.200900 ms CreateObjectMapping: 0.062300 ms MarkObjects: 1.902600 ms  DeleteObjects: 0.164900 ms)

========================================================================
Received Prepare
Registering precompiled user dll's ...
Registered in 0.001678 seconds.
Begin MonoManager ReloadAssembly
Native extension for WindowsStandalone target not found
Native extension for WebGL target not found
Refreshing native plugins compatible for Editor in 0.42 ms, found 1 plugins.
Preloading 0 native plugins for Editor in 0.00 ms.
Mono: successfully reloaded assembly
- Completed reload, in  1.085 seconds
Platform modules already initialized, skipping
Refreshing native plugins compatible for Editor in 0.36 ms, found 1 plugins.
Preloading 0 native plugins for Editor in 0.00 ms.
Unloading 1806 Unused Serialized files (Serialized files now loaded: 0)
System memory in use before: 85.0 MB.
System memory in use after: 85.0 MB.

Unloading 12 unused Assets to reduce memory usage. Loaded Objects now: 2273.
Total: 3.432700 ms (FindLiveObjects: 0.179300 ms CreateObjectMapping: 0.052100 ms MarkObjects: 3.023900 ms  DeleteObjects: 0.176200 ms)

========================================================================
Received Prepare
Registering precompiled user dll's ...
Registered in 0.002089 seconds.
Begin MonoManager ReloadAssembly
Native extension for WindowsStandalone target not found
Native extension for WebGL target not found
Refreshing native plugins compatible for Editor in 0.43 ms, found 1 plugins.
Preloading 0 native plugins for Editor in 0.00 ms.
Mono: successfully reloaded assembly
- Completed reload, in  1.079 seconds
Platform modules already initialized, skipping
Refreshing native plugins compatible for Editor in 0.41 ms, found 1 plugins.
Preloading 0 native plugins for Editor in 0.00 ms.
Unloading 1806 Unused Serialized files (Serialized files now loaded: 0)
System memory in use before: 85.0 MB.
System memory in use after: 85.0 MB.

Unloading 12 unused Assets to reduce memory usage. Loaded Objects now: 2277.
Total: 2.450600 ms (FindLiveObjects: 0.175700 ms CreateObjectMapping: 0.059100 ms MarkObjects: 2.067900 ms  DeleteObjects: 0.147100 ms)

========================================================================
Received Prepare
Registering precompiled user dll's ...
Registered in 0.001049 seconds.
Begin MonoManager ReloadAssembly
Native extension for WindowsStandalone target not found
Native extension for WebGL target not found
Refreshing native plugins compatible for Editor in 0.49 ms, found 1 plugins.
Preloading 0 native plugins for Editor in 0.00 ms.
Mono: successfully reloaded assembly
- Completed reload, in  1.107 seconds
Platform modules already initialized, skipping
Refreshing native plugins compatible for Editor in 0.58 ms, found 1 plugins.
Preloading 0 native plugins for Editor in 0.00 ms.
Unloading 1806 Unused Serialized files (Serialized files now loaded: 0)
System memory in use before: 85.0 MB.
System memory in use after: 85.0 MB.

Unloading 12 unused Assets to reduce memory usage. Loaded Objects now: 2281.
Total: 2.857800 ms (FindLiveObjects: 0.176800 ms CreateObjectMapping: 0.066000 ms MarkObjects: 2.476100 ms  DeleteObjects: 0.137600 ms)

========================================================================
Received Prepare
Registering precompiled user dll's ...
Registered in 0.001232 seconds.
Begin MonoManager ReloadAssembly
Native extension for WindowsStandalone target not found
Native extension for WebGL target not found
Refreshing native plugins compatible for Editor in 0.56 ms, found 1 plugins.
Preloading 0 native plugins for Editor in 0.00 ms.
Mono: successfully reloaded assembly
- Completed reload, in  1.005 seconds
Platform modules already initialized, skipping
Refreshing native plugins compatible for Editor in 0.37 ms, found 1 plugins.
Preloading 0 native plugins for Editor in 0.00 ms.
Unloading 1806 Unused Serialized files (Serialized files now loaded: 0)
System memory in use before: 85.0 MB.
System memory in use after: 85.0 MB.

Unloading 12 unused Assets to reduce memory usage. Loaded Objects now: 2285.
Total: 2.527800 ms (FindLiveObjects: 0.170200 ms CreateObjectMapping: 0.066400 ms MarkObjects: 2.115400 ms  DeleteObjects: 0.175000 ms)

========================================================================
Received Prepare
Registering precompiled user dll's ...
Registered in 0.001102 seconds.
Begin MonoManager ReloadAssembly
Native extension for WindowsStandalone target not found
Native extension for WebGL target not found
Refreshing native plugins compatible for Editor in 0.41 ms, found 1 plugins.
Preloading 0 native plugins for Editor in 0.00 ms.
Mono: successfully reloaded assembly
- Completed reload, in  1.071 seconds
Platform modules already initialized, skipping
Refreshing native plugins compatible for Editor in 0.33 ms, found 1 plugins.
Preloading 0 native plugins for Editor in 0.00 ms.
Unloading 1806 Unused Serialized files (Serialized files now loaded: 0)
System memory in use before: 85.0 MB.
System memory in use after: 85.0 MB.

Unloading 12 unused Assets to reduce memory usage. Loaded Objects now: 2289.
Total: 2.730900 ms (FindLiveObjects: 0.161200 ms CreateObjectMapping: 0.063400 ms MarkObjects: 2.312100 ms  DeleteObjects: 0.193000 ms)

========================================================================
Received Prepare
Registering precompiled user dll's ...
Registered in 0.001109 seconds.
Begin MonoManager ReloadAssembly
Native extension for WindowsStandalone target not found
Native extension for WebGL target not found
Refreshing native plugins compatible for Editor in 0.45 ms, found 1 plugins.
Preloading 0 native plugins for Editor in 0.00 ms.
Mono: successfully reloaded assembly
- Completed reload, in  1.258 seconds
Platform modules already initialized, skipping
Refreshing native plugins compatible for Editor in 0.36 ms, found 1 plugins.
Preloading 0 native plugins for Editor in 0.00 ms.
Unloading 1806 Unused Serialized files (Serialized files now loaded: 0)
System memory in use before: 85.0 MB.
System memory in use after: 85.0 MB.

Unloading 12 unused Assets to reduce memory usage. Loaded Objects now: 2293.
Total: 2.981100 ms (FindLiveObjects: 0.291800 ms CreateObjectMapping: 0.120300 ms MarkObjects: 2.388400 ms  DeleteObjects: 0.178900 ms)

========================================================================
Received Prepare
Registering precompiled user dll's ...
Registered in 0.001723 seconds.
Begin MonoManager ReloadAssembly
Native extension for WindowsStandalone target not found
Native extension for WebGL target not found
Refreshing native plugins compatible for Editor in 0.62 ms, found 1 plugins.
Preloading 0 native plugins for Editor in 0.00 ms.
Mono: successfully reloaded assembly
- Completed reload, in  1.219 seconds
Platform modules already initialized, skipping
Refreshing native plugins compatible for Editor in 0.35 ms, found 1 plugins.
Preloading 0 native plugins for Editor in 0.00 ms.
Unloading 1806 Unused Serialized files (Serialized files now loaded: 0)
System memory in use before: 85.0 MB.
System memory in use after: 85.0 MB.

Unloading 12 unused Assets to reduce memory usage. Loaded Objects now: 2297.
Total: 2.221700 ms (FindLiveObjects: 0.192700 ms CreateObjectMapping: 0.068900 ms MarkObjects: 1.819200 ms  DeleteObjects: 0.139400 ms)

========================================================================
Received Prepare
Registering precompiled user dll's ...
Registered in 0.002130 seconds.
Begin MonoManager ReloadAssembly
Native extension for WindowsStandalone target not found
Native extension for WebGL target not found
Refreshing native plugins compatible for Editor in 0.43 ms, found 1 plugins.
Preloading 0 native plugins for Editor in 0.00 ms.
Mono: successfully reloaded assembly
- Completed reload, in  1.218 seconds
Platform modules already initialized, skipping
Refreshing native plugins compatible for Editor in 0.38 ms, found 1 plugins.
Preloading 0 native plugins for Editor in 0.00 ms.
Unloading 1806 Unused Serialized files (Serialized files now loaded: 0)
System memory in use before: 85.0 MB.
System memory in use after: 85.0 MB.

Unloading 12 unused Assets to reduce memory usage. Loaded Objects now: 2301.
Total: 3.395700 ms (FindLiveObjects: 0.360700 ms CreateObjectMapping: 0.163000 ms MarkObjects: 2.704800 ms  DeleteObjects: 0.165800 ms)

========================================================================
Received Prepare
Registering precompiled user dll's ...
Registered in 0.001137 seconds.
Begin MonoManager ReloadAssembly
Native extension for WindowsStandalone target not found
Native extension for WebGL target not found
Refreshing native plugins compatible for Editor in 0.33 ms, found 1 plugins.
Preloading 0 native plugins for Editor in 0.00 ms.
Mono: successfully reloaded assembly
- Completed reload, in  0.982 seconds
Platform modules already initialized, skipping
Refreshing native plugins compatible for Editor in 0.36 ms, found 1 plugins.
Preloading 0 native plugins for Editor in 0.00 ms.
Unloading 1806 Unused Serialized files (Serialized files now loaded: 0)
System memory in use before: 85.1 MB.
System memory in use after: 85.0 MB.

Unloading 12 unused Assets to reduce memory usage. Loaded Objects now: 2305.
Total: 2.286900 ms (FindLiveObjects: 0.239500 ms CreateObjectMapping: 0.060500 ms MarkObjects: 1.811400 ms  DeleteObjects: 0.174500 ms)

========================================================================
Received Prepare
Registering precompiled user dll's ...
Registered in 0.001849 seconds.
Begin MonoManager ReloadAssembly
Native extension for WindowsStandalone target not found
Native extension for WebGL target not found
Refreshing native plugins compatible for Editor in 0.44 ms, found 1 plugins.
Preloading 0 native plugins for Editor in 0.00 ms.
Mono: successfully reloaded assembly
- Completed reload, in  1.479 seconds
Platform modules already initialized, skipping
Refreshing native plugins compatible for Editor in 0.96 ms, found 1 plugins.
Preloading 0 native plugins for Editor in 0.00 ms.
Unloading 1806 Unused Serialized files (Serialized files now loaded: 0)
System memory in use before: 85.1 MB.
System memory in use after: 85.0 MB.

Unloading 12 unused Assets to reduce memory usage. Loaded Objects now: 2309.
Total: 4.099500 ms (FindLiveObjects: 0.246500 ms CreateObjectMapping: 0.136200 ms MarkObjects: 3.532500 ms  DeleteObjects: 0.182500 ms)

========================================================================
Received Prepare
Registering precompiled user dll's ...
Registered in 0.001966 seconds.
Begin MonoManager ReloadAssembly
Native extension for WindowsStandalone target not found
Native extension for WebGL target not found
Refreshing native plugins compatible for Editor in 0.35 ms, found 1 plugins.
Preloading 0 native plugins for Editor in 0.00 ms.
Mono: successfully reloaded assembly
- Completed reload, in  1.181 seconds
Platform modules already initialized, skipping
Refreshing native plugins compatible for Editor in 0.61 ms, found 1 plugins.
Preloading 0 native plugins for Editor in 0.00 ms.
Unloading 1806 Unused Serialized files (Serialized files now loaded: 0)
System memory in use before: 85.1 MB.
System memory in use after: 85.0 MB.

Unloading 12 unused Assets to reduce memory usage. Loaded Objects now: 2313.
Total: 2.690600 ms (FindLiveObjects: 0.183300 ms CreateObjectMapping: 0.059100 ms MarkObjects: 2.313000 ms  DeleteObjects: 0.134100 ms)

========================================================================
Received Prepare
Registering precompiled user dll's ...
Registered in 0.004274 seconds.
Begin MonoManager ReloadAssembly
Native extension for WindowsStandalone target not found
Native extension for WebGL target not found
Refreshing native plugins compatible for Editor in 0.83 ms, found 1 plugins.
Preloading 0 native plugins for Editor in 0.00 ms.
Mono: successfully reloaded assembly
- Completed reload, in  1.192 seconds
Platform modules already initialized, skipping
Refreshing native plugins compatible for Editor in 0.39 ms, found 1 plugins.
Preloading 0 native plugins for Editor in 0.00 ms.
Unloading 1806 Unused Serialized files (Serialized files now loaded: 0)
System memory in use before: 85.1 MB.
System memory in use after: 85.1 MB.

Unloading 12 unused Assets to reduce memory usage. Loaded Objects now: 2317.
Total: 2.490900 ms (FindLiveObjects: 0.183100 ms CreateObjectMapping: 0.066200 ms MarkObjects: 2.078500 ms  DeleteObjects: 0.162200 ms)

========================================================================
Received Import Request.
  Time since last request: 2771.046779 seconds.
  path: Assets/spaceMissiles_021.png
  artifactKey: Guid(ec386a09220358b41ae1661c16a7872a) Importer(815301076,1909f56bfc062723c751e8b465ee728b)
Start importing Assets/spaceMissiles_021.png using Guid(ec386a09220358b41ae1661c16a7872a) Importer(815301076,1909f56bfc062723c751e8b465ee728b)  -> (artifact id: 'a84b708527a3e74cdbe39a4f60edda2c') in 0.156284 seconds
  Import took 0.160593 seconds .

========================================================================
Received Import Request.
  Time since last request: 17.873570 seconds.
  path: Assets/ShipMissile.png
  artifactKey: Guid(ec386a09220358b41ae1661c16a7872a) Importer(815301076,1909f56bfc062723c751e8b465ee728b)
Start importing Assets/ShipMissile.png using Guid(ec386a09220358b41ae1661c16a7872a) Importer(815301076,1909f56bfc062723c751e8b465ee728b)  -> (artifact id: '9d81ae0935a00c3729b3c04fc104cdd5') in 0.021786 seconds
  Import took 0.026759 seconds .

========================================================================
Received Prepare
Registering precompiled user dll's ...
Registered in 0.001374 seconds.
Begin MonoManager ReloadAssembly
Native extension for WindowsStandalone target not found
Native extension for WebGL target not found
Refreshing native plugins compatible for Editor in 0.38 ms, found 1 plugins.
Preloading 0 native plugins for Editor in 0.00 ms.
Mono: successfully reloaded assembly
- Completed reload, in  1.138 seconds
Platform modules already initialized, skipping
Refreshing native plugins compatible for Editor in 0.35 ms, found 1 plugins.
Preloading 0 native plugins for Editor in 0.00 ms.
Unloading 1806 Unused Serialized files (Serialized files now loaded: 0)
System memory in use before: 88.2 MB.
System memory in use after: 88.1 MB.

Unloading 12 unused Assets to reduce memory usage. Loaded Objects now: 2327.
Total: 2.433500 ms (FindLiveObjects: 0.195900 ms CreateObjectMapping: 0.055100 ms MarkObjects: 2.085000 ms  DeleteObjects: 0.096500 ms)

========================================================================
Received Prepare
Registering precompiled user dll's ...
Registered in 0.001383 seconds.
Begin MonoManager ReloadAssembly
Native extension for WindowsStandalone target not found
Native extension for WebGL target not found
Refreshing native plugins compatible for Editor in 0.58 ms, found 1 plugins.
Preloading 0 native plugins for Editor in 0.00 ms.
Mono: successfully reloaded assembly
- Completed reload, in  1.153 seconds
Platform modules already initialized, skipping
Refreshing native plugins compatible for Editor in 0.40 ms, found 1 plugins.
Preloading 0 native plugins for Editor in 0.00 ms.
Unloading 1806 Unused Serialized files (Serialized files now loaded: 0)
System memory in use before: 88.2 MB.
System memory in use after: 88.1 MB.

Unloading 12 unused Assets to reduce memory usage. Loaded Objects now: 2331.
Total: 2.629200 ms (FindLiveObjects: 0.263000 ms CreateObjectMapping: 0.078000 ms MarkObjects: 2.087800 ms  DeleteObjects: 0.198800 ms)

========================================================================
Received Import Request.
  Time since last request: 52.394700 seconds.
  path: Assets/Sprites/ShipMissile.prefab
  artifactKey: Guid(79ab39bb05630d34492ea07e663d21e2) Importer(815301076,1909f56bfc062723c751e8b465ee728b)
Start importing Assets/Sprites/ShipMissile.prefab using Guid(79ab39bb05630d34492ea07e663d21e2) Importer(815301076,1909f56bfc062723c751e8b465ee728b)  -> (artifact id: 'c505972ca4599f2b6573e8b69c22eb08') in 0.102687 seconds
  Import took 0.107218 seconds .

========================================================================
Received Import Request.
  Time since last request: 39.383351 seconds.
  path: Assets/Scripts/ShipController.cs
  artifactKey: Guid(c81a78e8f59c9d24980480cf9dc09952) Importer(815301076,1909f56bfc062723c751e8b465ee728b)
Start importing Assets/Scripts/ShipController.cs using Guid(c81a78e8f59c9d24980480cf9dc09952) Importer(815301076,1909f56bfc062723c751e8b465ee728b)  -> (artifact id: 'cdae7e8450ac08585e7f197fd5249f59') in 0.008400 seconds
  Import took 0.013823 seconds .

========================================================================
Received Import Request.
  Time since last request: 0.464030 seconds.
  path: Assets/Scripts/ShipController.cs
  artifactKey: Guid(c81a78e8f59c9d24980480cf9dc09952) Importer(815301076,1909f56bfc062723c751e8b465ee728b)
Start importing Assets/Scripts/ShipController.cs using Guid(c81a78e8f59c9d24980480cf9dc09952) Importer(815301076,1909f56bfc062723c751e8b465ee728b)  -> (artifact id: 'cdae7e8450ac08585e7f197fd5249f59') in 0.003217 seconds
  Import took 0.009805 seconds .

========================================================================
Received Import Request.
  Time since last request: 3.460454 seconds.
  path: Assets/Scripts/EnemyRespawnPoint.cs
  artifactKey: Guid(a12d17063aeb9894e8c93e4d3a859a99) Importer(815301076,1909f56bfc062723c751e8b465ee728b)
Start importing Assets/Scripts/EnemyRespawnPoint.cs using Guid(a12d17063aeb9894e8c93e4d3a859a99) Importer(815301076,1909f56bfc062723c751e8b465ee728b)  -> (artifact id: '1c3a967840ff53a2294a213bd3c32f31') in 0.007624 seconds
  Import took 0.013331 seconds .

========================================================================
Received Import Request.
  Time since last request: 1.915074 seconds.
  path: Assets/Scripts/EnemyPosition.cs
  artifactKey: Guid(e56dca50c258d2445aedba05b8ed0f28) Importer(815301076,1909f56bfc062723c751e8b465ee728b)
Start importing Assets/Scripts/EnemyPosition.cs using Guid(e56dca50c258d2445aedba05b8ed0f28) Importer(815301076,1909f56bfc062723c751e8b465ee728b)  -> (artifact id: '424e4e6580f7866503c4b8ea09968a23') in 0.003646 seconds
  Import took 0.009918 seconds .

========================================================================
Received Prepare
Registering precompiled user dll's ...
Registered in 0.001543 seconds.
Begin MonoManager ReloadAssembly
Native extension for WindowsStandalone target not found
Native extension for WebGL target not found
Refreshing native plugins compatible for Editor in 0.72 ms, found 1 plugins.
Preloading 0 native plugins for Editor in 0.00 ms.
Mono: successfully reloaded assembly
- Completed reload, in  1.087 seconds
Platform modules already initialized, skipping
Refreshing native plugins compatible for Editor in 0.40 ms, found 1 plugins.
Preloading 0 native plugins for Editor in 0.00 ms.
Unloading 1806 Unused Serialized files (Serialized files now loaded: 0)
System memory in use before: 88.2 MB.
System memory in use after: 88.2 MB.

Unloading 12 unused Assets to reduce memory usage. Loaded Objects now: 2340.
Total: 4.084400 ms (FindLiveObjects: 0.196900 ms CreateObjectMapping: 0.064400 ms MarkObjects: 3.460100 ms  DeleteObjects: 0.361400 ms)

========================================================================
Received Import Request.
  Time since last request: 54.374224 seconds.
  path: Assets/Prefabs/Ship.prefab
  artifactKey: Guid(7db01e437f0c4e7428ff005ed151f7d0) Importer(815301076,1909f56bfc062723c751e8b465ee728b)
Start importing Assets/Prefabs/Ship.prefab using Guid(7db01e437f0c4e7428ff005ed151f7d0) Importer(815301076,1909f56bfc062723c751e8b465ee728b)  -> (artifact id: '0a22616df392a2f50b9e5b66028c41b7') in 0.079843 seconds
  Import took 0.084793 seconds .

========================================================================
Received Import Request.
  Time since last request: 5.625476 seconds.
  path: Assets/Prefabs/Ship.prefab
  artifactKey: Guid(7db01e437f0c4e7428ff005ed151f7d0) Importer(815301076,1909f56bfc062723c751e8b465ee728b)
Start importing Assets/Prefabs/Ship.prefab using Guid(7db01e437f0c4e7428ff005ed151f7d0) Importer(815301076,1909f56bfc062723c751e8b465ee728b)  -> (artifact id: '89d12fa57da44d90ab127955c4c5800f') in 0.023973 seconds
  Import took 0.032140 seconds .

========================================================================
Received Prepare
Registering precompiled user dll's ...
Registered in 0.001172 seconds.
Begin MonoManager ReloadAssembly
Native extension for WindowsStandalone target not found
Native extension for WebGL target not found
Refreshing native plugins compatible for Editor in 0.38 ms, found 1 plugins.
Preloading 0 native plugins for Editor in 0.00 ms.
Mono: successfully reloaded assembly
- Completed reload, in  0.989 seconds
Platform modules already initialized, skipping
Refreshing native plugins compatible for Editor in 0.33 ms, found 1 plugins.
Preloading 0 native plugins for Editor in 0.00 ms.
Unloading 1806 Unused Serialized files (Serialized files now loaded: 0)
System memory in use before: 88.2 MB.
System memory in use after: 88.2 MB.

Unloading 12 unused Assets to reduce memory usage. Loaded Objects now: 2345.
Total: 2.202600 ms (FindLiveObjects: 0.171900 ms CreateObjectMapping: 0.059500 ms MarkObjects: 1.820900 ms  DeleteObjects: 0.149500 ms)

========================================================================
Received Prepare
Registering precompiled user dll's ...
Registered in 0.001013 seconds.
Begin MonoManager ReloadAssembly
Native extension for WindowsStandalone target not found
Native extension for WebGL target not found
Refreshing native plugins compatible for Editor in 0.69 ms, found 1 plugins.
Preloading 0 native plugins for Editor in 0.00 ms.
Mono: successfully reloaded assembly
- Completed reload, in  1.027 seconds
Platform modules already initialized, skipping
Refreshing native plugins compatible for Editor in 0.55 ms, found 1 plugins.
Preloading 0 native plugins for Editor in 0.00 ms.
Unloading 1806 Unused Serialized files (Serialized files now loaded: 0)
System memory in use before: 88.2 MB.
System memory in use after: 88.2 MB.

Unloading 12 unused Assets to reduce memory usage. Loaded Objects now: 2349.
Total: 2.411400 ms (FindLiveObjects: 0.187600 ms CreateObjectMapping: 0.059400 ms MarkObjects: 2.032500 ms  DeleteObjects: 0.130600 ms)

========================================================================
Received Prepare
Registering precompiled user dll's ...
Registered in 0.001262 seconds.
Begin MonoManager ReloadAssembly
Native extension for WindowsStandalone target not found
Native extension for WebGL target not found
Refreshing native plugins compatible for Editor in 0.37 ms, found 1 plugins.
Preloading 0 native plugins for Editor in 0.00 ms.
Mono: successfully reloaded assembly
- Completed reload, in  0.999 seconds
Platform modules already initialized, skipping
Refreshing native plugins compatible for Editor in 0.33 ms, found 1 plugins.
Preloading 0 native plugins for Editor in 0.00 ms.
Unloading 1806 Unused Serialized files (Serialized files now loaded: 0)
System memory in use before: 88.2 MB.
System memory in use after: 88.2 MB.

Unloading 12 unused Assets to reduce memory usage. Loaded Objects now: 2353.
Total: 2.655700 ms (FindLiveObjects: 0.200400 ms CreateObjectMapping: 0.061300 ms MarkObjects: 2.182200 ms  DeleteObjects: 0.210400 ms)

========================================================================
Received Prepare
Registering precompiled user dll's ...
Registered in 0.001081 seconds.
Begin MonoManager ReloadAssembly
Native extension for WindowsStandalone target not found
Native extension for WebGL target not found
Refreshing native plugins compatible for Editor in 0.38 ms, found 1 plugins.
Preloading 0 native plugins for Editor in 0.00 ms.
Mono: successfully reloaded assembly
- Completed reload, in  0.999 seconds
Platform modules already initialized, skipping
Refreshing native plugins compatible for Editor in 0.41 ms, found 1 plugins.
Preloading 0 native plugins for Editor in 0.00 ms.
Unloading 1806 Unused Serialized files (Serialized files now loaded: 0)
System memory in use before: 88.3 MB.
System memory in use after: 88.2 MB.

Unloading 12 unused Assets to reduce memory usage. Loaded Objects now: 2357.
Total: 2.517000 ms (FindLiveObjects: 0.192200 ms CreateObjectMapping: 0.096000 ms MarkObjects: 2.085300 ms  DeleteObjects: 0.142500 ms)

========================================================================
Received Prepare
Registering precompiled user dll's ...
Registered in 0.001156 seconds.
Begin MonoManager ReloadAssembly
Native extension for WindowsStandalone target not found
Native extension for WebGL target not found
Refreshing native plugins compatible for Editor in 0.39 ms, found 1 plugins.
Preloading 0 native plugins for Editor in 0.00 ms.
Mono: successfully reloaded assembly
- Completed reload, in  1.018 seconds
Platform modules already initialized, skipping
Refreshing native plugins compatible for Editor in 0.33 ms, found 1 plugins.
Preloading 0 native plugins for Editor in 0.00 ms.
Unloading 1806 Unused Serialized files (Serialized files now loaded: 0)
System memory in use before: 88.3 MB.
System memory in use after: 88.2 MB.

Unloading 12 unused Assets to reduce memory usage. Loaded Objects now: 2361.
Total: 2.758900 ms (FindLiveObjects: 0.172400 ms CreateObjectMapping: 0.083100 ms MarkObjects: 2.324100 ms  DeleteObjects: 0.177700 ms)

========================================================================
Received Prepare
Registering precompiled user dll's ...
Registered in 0.001183 seconds.
Begin MonoManager ReloadAssembly
Native extension for WindowsStandalone target not found
Native extension for WebGL target not found
Refreshing native plugins compatible for Editor in 0.34 ms, found 1 plugins.
Preloading 0 native plugins for Editor in 0.00 ms.
Mono: successfully reloaded assembly
- Completed reload, in  0.977 seconds
Platform modules already initialized, skipping
Refreshing native plugins compatible for Editor in 0.35 ms, found 1 plugins.
Preloading 0 native plugins for Editor in 0.00 ms.
Unloading 1806 Unused Serialized files (Serialized files now loaded: 0)
System memory in use before: 88.3 MB.
System memory in use after: 88.3 MB.

Unloading 12 unused Assets to reduce memory usage. Loaded Objects now: 2365.
Total: 2.313900 ms (FindLiveObjects: 0.187800 ms CreateObjectMapping: 0.058800 ms MarkObjects: 1.879600 ms  DeleteObjects: 0.186400 ms)

========================================================================
Received Prepare
Registering precompiled user dll's ...
Registered in 0.001060 seconds.
Begin MonoManager ReloadAssembly
Native extension for WindowsStandalone target not found
Native extension for WebGL target not found
Refreshing native plugins compatible for Editor in 0.36 ms, found 1 plugins.
Preloading 0 native plugins for Editor in 0.00 ms.
Mono: successfully reloaded assembly
- Completed reload, in  0.995 seconds
Platform modules already initialized, skipping
Refreshing native plugins compatible for Editor in 0.33 ms, found 1 plugins.
Preloading 0 native plugins for Editor in 0.00 ms.
Unloading 1806 Unused Serialized files (Serialized files now loaded: 0)
System memory in use before: 88.3 MB.
System memory in use after: 88.3 MB.

Unloading 12 unused Assets to reduce memory usage. Loaded Objects now: 2369.
Total: 3.207200 ms (FindLiveObjects: 0.187300 ms CreateObjectMapping: 0.067500 ms MarkObjects: 2.803500 ms  DeleteObjects: 0.147600 ms)

========================================================================
Received Prepare
Registering precompiled user dll's ...
Registered in 0.003418 seconds.
Begin MonoManager ReloadAssembly
Native extension for WindowsStandalone target not found
Native extension for WebGL target not found
Refreshing native plugins compatible for Editor in 0.34 ms, found 1 plugins.
Preloading 0 native plugins for Editor in 0.00 ms.
Mono: successfully reloaded assembly
- Completed reload, in  1.020 seconds
Platform modules already initialized, skipping
Refreshing native plugins compatible for Editor in 0.35 ms, found 1 plugins.
Preloading 0 native plugins for Editor in 0.00 ms.
Unloading 1806 Unused Serialized files (Serialized files now loaded: 0)
System memory in use before: 88.3 MB.
System memory in use after: 88.3 MB.

Unloading 12 unused Assets to reduce memory usage. Loaded Objects now: 2373.
Total: 2.421100 ms (FindLiveObjects: 0.189600 ms CreateObjectMapping: 0.053100 ms MarkObjects: 1.983800 ms  DeleteObjects: 0.193300 ms)

========================================================================
Received Prepare
Registering precompiled user dll's ...
Registered in 0.001756 seconds.
Begin MonoManager ReloadAssembly
Native extension for WindowsStandalone target not found
Native extension for WebGL target not found
Refreshing native plugins compatible for Editor in 0.40 ms, found 1 plugins.
Preloading 0 native plugins for Editor in 0.00 ms.
Mono: successfully reloaded assembly
- Completed reload, in  1.353 seconds
Platform modules already initialized, skipping
Refreshing native plugins compatible for Editor in 0.84 ms, found 1 plugins.
Preloading 0 native plugins for Editor in 0.00 ms.
Unloading 1806 Unused Serialized files (Serialized files now loaded: 0)
System memory in use before: 88.3 MB.
System memory in use after: 88.3 MB.

Unloading 12 unused Assets to reduce memory usage. Loaded Objects now: 2377.
Total: 6.293100 ms (FindLiveObjects: 0.578700 ms CreateObjectMapping: 0.218400 ms MarkObjects: 5.130200 ms  DeleteObjects: 0.363200 ms)

========================================================================
Received Import Request.
  Time since last request: 1280.111061 seconds.
  path: Assets/Prefabs/ShipMissile.prefab
  artifactKey: Guid(79ab39bb05630d34492ea07e663d21e2) Importer(815301076,1909f56bfc062723c751e8b465ee728b)
Start importing Assets/Prefabs/ShipMissile.prefab using Guid(79ab39bb05630d34492ea07e663d21e2) Importer(815301076,1909f56bfc062723c751e8b465ee728b)  -> (artifact id: '33666ce1645a3ee99a45a7ceeba641eb') in 0.085284 seconds
  Import took 0.089707 seconds .

========================================================================
Received Prepare
Registering precompiled user dll's ...
Registered in 0.001470 seconds.
Begin MonoManager ReloadAssembly
Native extension for WindowsStandalone target not found
Native extension for WebGL target not found
Refreshing native plugins compatible for Editor in 0.46 ms, found 1 plugins.
Preloading 0 native plugins for Editor in 0.00 ms.
Mono: successfully reloaded assembly
- Completed reload, in  1.279 seconds
Platform modules already initialized, skipping
Refreshing native plugins compatible for Editor in 0.36 ms, found 1 plugins.
Preloading 0 native plugins for Editor in 0.00 ms.
Unloading 1806 Unused Serialized files (Serialized files now loaded: 0)
System memory in use before: 88.3 MB.
System memory in use after: 88.3 MB.

Unloading 12 unused Assets to reduce memory usage. Loaded Objects now: 2382.
Total: 3.222800 ms (FindLiveObjects: 0.341000 ms CreateObjectMapping: 0.359100 ms MarkObjects: 2.388000 ms  DeleteObjects: 0.133200 ms)

========================================================================
Received Import Request.
  Time since last request: 8.273637 seconds.
  path: Assets/Prefabs/Ship.prefab
  artifactKey: Guid(7db01e437f0c4e7428ff005ed151f7d0) Importer(815301076,1909f56bfc062723c751e8b465ee728b)
Start importing Assets/Prefabs/Ship.prefab using Guid(7db01e437f0c4e7428ff005ed151f7d0) Importer(815301076,1909f56bfc062723c751e8b465ee728b)  -> (artifact id: 'ac22b955a1a0e7dbf5c1e9936ab53a81') in 0.074490 seconds
  Import took 0.079595 seconds .

========================================================================
Received Prepare
Registering precompiled user dll's ...
Registered in 0.001321 seconds.
Begin MonoManager ReloadAssembly
Native extension for WindowsStandalone target not found
Native extension for WebGL target not found
Refreshing native plugins compatible for Editor in 0.42 ms, found 1 plugins.
Preloading 0 native plugins for Editor in 0.00 ms.
Mono: successfully reloaded assembly
- Completed reload, in  1.187 seconds
Platform modules already initialized, skipping
Refreshing native plugins compatible for Editor in 0.37 ms, found 1 plugins.
Preloading 0 native plugins for Editor in 0.00 ms.
Unloading 1806 Unused Serialized files (Serialized files now loaded: 0)
System memory in use before: 88.3 MB.
System memory in use after: 88.3 MB.

Unloading 12 unused Assets to reduce memory usage. Loaded Objects now: 2387.
Total: 3.190200 ms (FindLiveObjects: 0.303000 ms CreateObjectMapping: 0.075000 ms MarkObjects: 2.653700 ms  DeleteObjects: 0.157200 ms)

========================================================================
Received Import Request.
  Time since last request: 70.455118 seconds.
  path: Assets/Prefabs/ShipMissile.prefab
  artifactKey: Guid(79ab39bb05630d34492ea07e663d21e2) Importer(815301076,1909f56bfc062723c751e8b465ee728b)
Start importing Assets/Prefabs/ShipMissile.prefab using Guid(79ab39bb05630d34492ea07e663d21e2) Importer(815301076,1909f56bfc062723c751e8b465ee728b)  -> (artifact id: '03b6b62e653b8db446f88cca5808c933') in 0.071403 seconds
  Import took 0.076665 seconds .

========================================================================
Received Import Request.
  Time since last request: 94.671978 seconds.
  path: Assets/Prefabs/ShipMissile.prefab
  artifactKey: Guid(79ab39bb05630d34492ea07e663d21e2) Importer(815301076,1909f56bfc062723c751e8b465ee728b)
Start importing Assets/Prefabs/ShipMissile.prefab using Guid(79ab39bb05630d34492ea07e663d21e2) Importer(815301076,1909f56bfc062723c751e8b465ee728b)  -> (artifact id: '7e22185ca0c3cb83c175d9a4c73e36b8') in 0.020392 seconds
  Import took 0.025011 seconds .

========================================================================
Received Prepare
Registering precompiled user dll's ...
Registered in 0.001055 seconds.
Begin MonoManager ReloadAssembly
Native extension for WindowsStandalone target not found
Native extension for WebGL target not found
Refreshing native plugins compatible for Editor in 0.34 ms, found 1 plugins.
Preloading 0 native plugins for Editor in 0.00 ms.
Mono: successfully reloaded assembly
- Completed reload, in  1.009 seconds
Platform modules already initialized, skipping
Refreshing native plugins compatible for Editor in 0.37 ms, found 1 plugins.
Preloading 0 native plugins for Editor in 0.00 ms.
Unloading 1806 Unused Serialized files (Serialized files now loaded: 0)
System memory in use before: 88.3 MB.
System memory in use after: 88.3 MB.

Unloading 12 unused Assets to reduce memory usage. Loaded Objects now: 2392.
Total: 2.231700 ms (FindLiveObjects: 0.187900 ms CreateObjectMapping: 0.054300 ms MarkObjects: 1.820000 ms  DeleteObjects: 0.168600 ms)

========================================================================
Received Import Request.
  Time since last request: 158.346116 seconds.
  path: Assets/Prefabs/Ship.prefab
  artifactKey: Guid(7db01e437f0c4e7428ff005ed151f7d0) Importer(815301076,1909f56bfc062723c751e8b465ee728b)
Start importing Assets/Prefabs/Ship.prefab using Guid(7db01e437f0c4e7428ff005ed151f7d0) Importer(815301076,1909f56bfc062723c751e8b465ee728b)  -> (artifact id: 'f9f40a06581d5035f2c4f4813514c020') in 0.057366 seconds
  Import took 0.061698 seconds .

========================================================================
Received Prepare
Registering precompiled user dll's ...
Registered in 0.004002 seconds.
Begin MonoManager ReloadAssembly
Native extension for WindowsStandalone target not found
Native extension for WebGL target not found
Refreshing native plugins compatible for Editor in 0.36 ms, found 1 plugins.
Preloading 0 native plugins for Editor in 0.00 ms.
Mono: successfully reloaded assembly
- Completed reload, in  1.142 seconds
Platform modules already initialized, skipping
Refreshing native plugins compatible for Editor in 0.55 ms, found 1 plugins.
Preloading 0 native plugins for Editor in 0.00 ms.
Unloading 1806 Unused Serialized files (Serialized files now loaded: 0)
System memory in use before: 88.3 MB.
System memory in use after: 88.3 MB.

Unloading 12 unused Assets to reduce memory usage. Loaded Objects now: 2397.
Total: 2.947400 ms (FindLiveObjects: 0.194000 ms CreateObjectMapping: 0.056400 ms MarkObjects: 2.535800 ms  DeleteObjects: 0.160300 ms)

========================================================================
Received Prepare
Registering precompiled user dll's ...
Registered in 0.002312 seconds.
Begin MonoManager ReloadAssembly
Native extension for WindowsStandalone target not found
Native extension for WebGL target not found
Refreshing native plugins compatible for Editor in 0.44 ms, found 1 plugins.
Preloading 0 native plugins for Editor in 0.00 ms.
Mono: successfully reloaded assembly
- Completed reload, in  1.341 seconds
Platform modules already initialized, skipping
Refreshing native plugins compatible for Editor in 0.59 ms, found 1 plugins.
Preloading 0 native plugins for Editor in 0.00 ms.
Unloading 1806 Unused Serialized files (Serialized files now loaded: 0)
System memory in use before: 88.4 MB.
System memory in use after: 88.3 MB.

Unloading 12 unused Assets to reduce memory usage. Loaded Objects now: 2401.
Total: 5.008700 ms (FindLiveObjects: 0.451300 ms CreateObjectMapping: 0.272500 ms MarkObjects: 4.114600 ms  DeleteObjects: 0.168000 ms)

========================================================================
Received Prepare
Registering precompiled user dll's ...
Registered in 0.001305 seconds.
Begin MonoManager ReloadAssembly
Native extension for WindowsStandalone target not found
Native extension for WebGL target not found
Refreshing native plugins compatible for Editor in 0.33 ms, found 1 plugins.
Preloading 0 native plugins for Editor in 0.00 ms.
Mono: successfully reloaded assembly
- Completed reload, in  1.010 seconds
Platform modules already initialized, skipping
Refreshing native plugins compatible for Editor in 0.36 ms, found 1 plugins.
Preloading 0 native plugins for Editor in 0.00 ms.
Unloading 1806 Unused Serialized files (Serialized files now loaded: 0)
System memory in use before: 88.4 MB.
System memory in use after: 88.3 MB.

Unloading 12 unused Assets to reduce memory usage. Loaded Objects now: 2405.
Total: 2.335700 ms (FindLiveObjects: 0.167900 ms CreateObjectMapping: 0.072000 ms MarkObjects: 1.928700 ms  DeleteObjects: 0.166000 ms)

========================================================================
Received Prepare
Registering precompiled user dll's ...
Registered in 0.001120 seconds.
Begin MonoManager ReloadAssembly
Native extension for WindowsStandalone target not found
Native extension for WebGL target not found
Refreshing native plugins compatible for Editor in 0.34 ms, found 1 plugins.
Preloading 0 native plugins for Editor in 0.00 ms.
Mono: successfully reloaded assembly
- Completed reload, in  1.010 seconds
Platform modules already initialized, skipping
Refreshing native plugins compatible for Editor in 0.37 ms, found 1 plugins.
Preloading 0 native plugins for Editor in 0.00 ms.
Unloading 1806 Unused Serialized files (Serialized files now loaded: 0)
System memory in use before: 88.4 MB.
System memory in use after: 88.3 MB.

Unloading 12 unused Assets to reduce memory usage. Loaded Objects now: 2409.
Total: 2.436800 ms (FindLiveObjects: 0.191200 ms CreateObjectMapping: 0.060300 ms MarkObjects: 2.022000 ms  DeleteObjects: 0.162500 ms)

========================================================================
Received Import Request.
  Time since last request: 365.613166 seconds.
  path: Assets/Prefabs/Ship.prefab
  artifactKey: Guid(7db01e437f0c4e7428ff005ed151f7d0) Importer(815301076,1909f56bfc062723c751e8b465ee728b)
Start importing Assets/Prefabs/Ship.prefab using Guid(7db01e437f0c4e7428ff005ed151f7d0) Importer(815301076,1909f56bfc062723c751e8b465ee728b)  -> (artifact id: '4fff2ed4cb68a111b5b4c0ffcb1e9113') in 0.060460 seconds
  Import took 0.065429 seconds .

========================================================================
Received Import Request.
  Time since last request: 0.171694 seconds.
  path: Assets/Prefabs/Ship.prefab
  artifactKey: Guid(7db01e437f0c4e7428ff005ed151f7d0) Importer(815301076,1909f56bfc062723c751e8b465ee728b)
Start importing Assets/Prefabs/Ship.prefab using Guid(7db01e437f0c4e7428ff005ed151f7d0) Importer(815301076,1909f56bfc062723c751e8b465ee728b)  -> (artifact id: '4fff2ed4cb68a111b5b4c0ffcb1e9113') in 0.014786 seconds
  Import took 0.018920 seconds .

========================================================================
Received Prepare
Registering precompiled user dll's ...
Registered in 0.002228 seconds.
Begin MonoManager ReloadAssembly
Native extension for WindowsStandalone target not found
Native extension for WebGL target not found
Refreshing native plugins compatible for Editor in 0.63 ms, found 1 plugins.
Preloading 0 native plugins for Editor in 0.00 ms.
Mono: successfully reloaded assembly
- Completed reload, in  1.452 seconds
Platform modules already initialized, skipping
Refreshing native plugins compatible for Editor in 0.45 ms, found 1 plugins.
Preloading 0 native plugins for Editor in 0.00 ms.
Unloading 1806 Unused Serialized files (Serialized files now loaded: 0)
System memory in use before: 88.4 MB.
System memory in use after: 88.4 MB.

Unloading 12 unused Assets to reduce memory usage. Loaded Objects now: 2414.
Total: 2.500700 ms (FindLiveObjects: 0.221400 ms CreateObjectMapping: 0.080800 ms MarkObjects: 2.087300 ms  DeleteObjects: 0.109900 ms)

========================================================================
Received Prepare
Registering precompiled user dll's ...
Registered in 0.001142 seconds.
Begin MonoManager ReloadAssembly
Native extension for WindowsStandalone target not found
Native extension for WebGL target not found
Refreshing native plugins compatible for Editor in 0.34 ms, found 1 plugins.
Preloading 0 native plugins for Editor in 0.00 ms.
Mono: successfully reloaded assembly
- Completed reload, in  1.066 seconds
Platform modules already initialized, skipping
Refreshing native plugins compatible for Editor in 0.33 ms, found 1 plugins.
Preloading 0 native plugins for Editor in 0.00 ms.
Unloading 1806 Unused Serialized files (Serialized files now loaded: 0)
System memory in use before: 88.4 MB.
System memory in use after: 88.4 MB.

Unloading 12 unused Assets to reduce memory usage. Loaded Objects now: 2418.
Total: 2.445900 ms (FindLiveObjects: 0.205000 ms CreateObjectMapping: 0.064500 ms MarkObjects: 2.034800 ms  DeleteObjects: 0.140400 ms)

========================================================================
Received Prepare
Registering precompiled user dll's ...
Registered in 0.001117 seconds.
Begin MonoManager ReloadAssembly
Native extension for WindowsStandalone target not found
Native extension for WebGL target not found
Refreshing native plugins compatible for Editor in 0.54 ms, found 1 plugins.
Preloading 0 native plugins for Editor in 0.00 ms.
Mono: successfully reloaded assembly
- Completed reload, in  1.128 seconds
Platform modules already initialized, skipping
Refreshing native plugins compatible for Editor in 0.33 ms, found 1 plugins.
Preloading 0 native plugins for Editor in 0.00 ms.
Unloading 1806 Unused Serialized files (Serialized files now loaded: 0)
System memory in use before: 88.4 MB.
System memory in use after: 88.4 MB.

Unloading 12 unused Assets to reduce memory usage. Loaded Objects now: 2422.
Total: 2.259800 ms (FindLiveObjects: 0.198800 ms CreateObjectMapping: 0.060100 ms MarkObjects: 1.837700 ms  DeleteObjects: 0.160700 ms)

========================================================================
Received Prepare
Registering precompiled user dll's ...
Registered in 0.001024 seconds.
Begin MonoManager ReloadAssembly
Native extension for WindowsStandalone target not found
Native extension for WebGL target not found
Refreshing native plugins compatible for Editor in 0.36 ms, found 1 plugins.
Preloading 0 native plugins for Editor in 0.00 ms.
Mono: successfully reloaded assembly
- Completed reload, in  0.973 seconds
Platform modules already initialized, skipping
Refreshing native plugins compatible for Editor in 0.35 ms, found 1 plugins.
Preloading 0 native plugins for Editor in 0.00 ms.
Unloading 1806 Unused Serialized files (Serialized files now loaded: 0)
System memory in use before: 88.4 MB.
System memory in use after: 88.4 MB.

Unloading 12 unused Assets to reduce memory usage. Loaded Objects now: 2426.
Total: 2.514000 ms (FindLiveObjects: 0.200500 ms CreateObjectMapping: 0.056000 ms MarkObjects: 2.138500 ms  DeleteObjects: 0.118100 ms)

========================================================================
Received Prepare
Registering precompiled user dll's ...
Registered in 0.001325 seconds.
Begin MonoManager ReloadAssembly
Native extension for WindowsStandalone target not found
Native extension for WebGL target not found
Refreshing native plugins compatible for Editor in 0.35 ms, found 1 plugins.
Preloading 0 native plugins for Editor in 0.00 ms.
Mono: successfully reloaded assembly
- Completed reload, in  1.253 seconds
Platform modules already initialized, skipping
Refreshing native plugins compatible for Editor in 0.39 ms, found 1 plugins.
Preloading 0 native plugins for Editor in 0.00 ms.
Unloading 1806 Unused Serialized files (Serialized files now loaded: 0)
System memory in use before: 88.4 MB.
System memory in use after: 88.4 MB.

Unloading 12 unused Assets to reduce memory usage. Loaded Objects now: 2430.
Total: 2.362900 ms (FindLiveObjects: 0.196700 ms CreateObjectMapping: 0.067300 ms MarkObjects: 1.944700 ms  DeleteObjects: 0.153300 ms)

========================================================================
Received Prepare
Registering precompiled user dll's ...
Registered in 0.001096 seconds.
Begin MonoManager ReloadAssembly
Native extension for WindowsStandalone target not found
Native extension for WebGL target not found
Refreshing native plugins compatible for Editor in 0.35 ms, found 1 plugins.
Preloading 0 native plugins for Editor in 0.00 ms.
Mono: successfully reloaded assembly
- Completed reload, in  1.220 seconds
Platform modules already initialized, skipping
Refreshing native plugins compatible for Editor in 0.34 ms, found 1 plugins.
Preloading 0 native plugins for Editor in 0.00 ms.
Unloading 1807 Unused Serialized files (Serialized files now loaded: 0)
System memory in use before: 88.5 MB.
System memory in use after: 88.4 MB.

Unloading 12 unused Assets to reduce memory usage. Loaded Objects now: 2435.
Total: 2.227800 ms (FindLiveObjects: 0.202500 ms CreateObjectMapping: 0.065900 ms MarkObjects: 1.810200 ms  DeleteObjects: 0.148200 ms)

========================================================================
Received Import Request.
  Time since last request: 322.014833 seconds.
  path: Assets/MissilesDie.cs
  artifactKey: Guid(c95e9ec910efdf147868e88b51127b3b) Importer(815301076,1909f56bfc062723c751e8b465ee728b)
Start importing Assets/MissilesDie.cs using Guid(c95e9ec910efdf147868e88b51127b3b) Importer(815301076,1909f56bfc062723c751e8b465ee728b)  -> (artifact id: '1bee6499b6bf83a74f52e74e38dd3b37') in 0.012343 seconds
  Import took 0.016869 seconds .

========================================================================
Received Import Request.
  Time since last request: 0.000826 seconds.
  path: Assets/MissilesDie.cs
  artifactKey: Guid(c95e9ec910efdf147868e88b51127b3b) Importer(815301076,1909f56bfc062723c751e8b465ee728b)
Start importing Assets/MissilesDie.cs using Guid(c95e9ec910efdf147868e88b51127b3b) Importer(815301076,1909f56bfc062723c751e8b465ee728b)  -> (artifact id: '1bee6499b6bf83a74f52e74e38dd3b37') in 0.003583 seconds
  Import took 0.008511 seconds .

========================================================================
Received Prepare
Registering precompiled user dll's ...
Registered in 0.001472 seconds.
Begin MonoManager ReloadAssembly
Native extension for WindowsStandalone target not found
Native extension for WebGL target not found
Refreshing native plugins compatible for Editor in 0.47 ms, found 1 plugins.
Preloading 0 native plugins for Editor in 0.00 ms.
Mono: successfully reloaded assembly
- Completed reload, in  1.142 seconds
Platform modules already initialized, skipping
Refreshing native plugins compatible for Editor in 0.33 ms, found 1 plugins.
Preloading 0 native plugins for Editor in 0.00 ms.
Unloading 1807 Unused Serialized files (Serialized files now loaded: 0)
System memory in use before: 88.5 MB.
System memory in use after: 88.4 MB.

Unloading 12 unused Assets to reduce memory usage. Loaded Objects now: 2439.
Total: 2.345600 ms (FindLiveObjects: 0.181600 ms CreateObjectMapping: 0.064700 ms MarkObjects: 1.937800 ms  DeleteObjects: 0.160600 ms)

========================================================================
Received Prepare
Registering precompiled user dll's ...
Registered in 0.001144 seconds.
Begin MonoManager ReloadAssembly
Native extension for WindowsStandalone target not found
Native extension for WebGL target not found
Refreshing native plugins compatible for Editor in 0.42 ms, found 1 plugins.
Preloading 0 native plugins for Editor in 0.00 ms.
Mono: successfully reloaded assembly
- Completed reload, in  1.487 seconds
Platform modules already initialized, skipping
Refreshing native plugins compatible for Editor in 1.00 ms, found 1 plugins.
Preloading 0 native plugins for Editor in 0.00 ms.
Unloading 1807 Unused Serialized files (Serialized files now loaded: 0)
System memory in use before: 88.5 MB.
System memory in use after: 88.4 MB.

Unloading 12 unused Assets to reduce memory usage. Loaded Objects now: 2443.
Total: 4.679400 ms (FindLiveObjects: 0.348700 ms CreateObjectMapping: 0.167800 ms MarkObjects: 3.789600 ms  DeleteObjects: 0.369900 ms)

========================================================================
Received Import Request.
  Time since last request: 96.336944 seconds.
  path: Assets/Scenes
  artifactKey: Guid(ba098b3b827aca742b104bc09216ddaa) Importer(815301076,1909f56bfc062723c751e8b465ee728b)
Start importing Assets/Scenes using Guid(ba098b3b827aca742b104bc09216ddaa) Importer(815301076,1909f56bfc062723c751e8b465ee728b)  -> (artifact id: '0a4bc19f370d8c2b50f71e7d46577770') in 0.014163 seconds
  Import took 0.019335 seconds .

========================================================================
Received Import Request.
  Time since last request: 3.011920 seconds.
  path: Assets/Prefabs/ShipMissile.prefab
  artifactKey: Guid(79ab39bb05630d34492ea07e663d21e2) Importer(815301076,1909f56bfc062723c751e8b465ee728b)
Start importing Assets/Prefabs/ShipMissile.prefab using Guid(79ab39bb05630d34492ea07e663d21e2) Importer(815301076,1909f56bfc062723c751e8b465ee728b)  -> (artifact id: '3cf056beb0ee883ee9b7fd2fa3d46754') in 0.074597 seconds
  Import took 0.078035 seconds .

========================================================================
Received Prepare
Registering precompiled user dll's ...
Registered in 0.001382 seconds.
Begin MonoManager ReloadAssembly
Native extension for WindowsStandalone target not found
Native extension for WebGL target not found
Refreshing native plugins compatible for Editor in 0.34 ms, found 1 plugins.
Preloading 0 native plugins for Editor in 0.00 ms.
Mono: successfully reloaded assembly
- Completed reload, in  1.087 seconds
Platform modules already initialized, skipping
Refreshing native plugins compatible for Editor in 0.37 ms, found 1 plugins.
Preloading 0 native plugins for Editor in 0.00 ms.
Unloading 1807 Unused Serialized files (Serialized files now loaded: 0)
System memory in use before: 88.5 MB.
System memory in use after: 88.5 MB.

Unloading 12 unused Assets to reduce memory usage. Loaded Objects now: 2448.
Total: 2.308700 ms (FindLiveObjects: 0.193300 ms CreateObjectMapping: 0.055800 ms MarkObjects: 1.911300 ms  DeleteObjects: 0.147600 ms)

========================================================================
Received Import Request.
  Time since last request: 91.750736 seconds.
  path: Assets/Prefabs/ShipMissile.prefab
  artifactKey: Guid(79ab39bb05630d34492ea07e663d21e2) Importer(815301076,1909f56bfc062723c751e8b465ee728b)
Start importing Assets/Prefabs/ShipMissile.prefab using Guid(79ab39bb05630d34492ea07e663d21e2) Importer(815301076,1909f56bfc062723c751e8b465ee728b)  -> (artifact id: '618ffb4064b791039e0bc1dfe494f8da') in 0.062609 seconds
  Import took 0.070870 seconds .

========================================================================
Received Import Request.
  Time since last request: 121.731942 seconds.
  path: Assets/Prefabs/Enemy.prefab
  artifactKey: Guid(e38f94b3947801f4aab3ec0f74e74d65) Importer(815301076,1909f56bfc062723c751e8b465ee728b)
Start importing Assets/Prefabs/Enemy.prefab using Guid(e38f94b3947801f4aab3ec0f74e74d65) Importer(815301076,1909f56bfc062723c751e8b465ee728b)  -> (artifact id: '8623ba8f967581166ee391eba2a1d03e') in 0.023120 seconds
  Import took 0.028640 seconds .

========================================================================
Received Import Request.
  Time since last request: 5.732840 seconds.
  path: Assets/Prefabs/Enemy.prefab
  artifactKey: Guid(e38f94b3947801f4aab3ec0f74e74d65) Importer(815301076,1909f56bfc062723c751e8b465ee728b)
Start importing Assets/Prefabs/Enemy.prefab using Guid(e38f94b3947801f4aab3ec0f74e74d65) Importer(815301076,1909f56bfc062723c751e8b465ee728b)  -> (artifact id: '3f348c239da44e585c5d1e4f8e8cf655') in 0.014155 seconds
  Import took 0.018957 seconds .

========================================================================
Received Import Request.
  Time since last request: 37.742806 seconds.
  path: Assets/Prefabs/Enemy.prefab
  artifactKey: Guid(e38f94b3947801f4aab3ec0f74e74d65) Importer(815301076,1909f56bfc062723c751e8b465ee728b)
Start importing Assets/Prefabs/Enemy.prefab using Guid(e38f94b3947801f4aab3ec0f74e74d65) Importer(815301076,1909f56bfc062723c751e8b465ee728b)  -> (artifact id: '710bc3ad5c8e775fc59d4a1167c22032') in 0.020438 seconds
  Import took 0.026617 seconds .

========================================================================
Received Import Request.
  Time since last request: 0.002716 seconds.
  path: Assets/Prefabs/Enemy.prefab
  artifactKey: Guid(e38f94b3947801f4aab3ec0f74e74d65) Importer(815301076,1909f56bfc062723c751e8b465ee728b)
Start importing Assets/Prefabs/Enemy.prefab using Guid(e38f94b3947801f4aab3ec0f74e74d65) Importer(815301076,1909f56bfc062723c751e8b465ee728b)  -> (artifact id: '710bc3ad5c8e775fc59d4a1167c22032') in 0.013999 seconds
  Import took 0.019110 seconds .

========================================================================
Received Import Request.
  Time since last request: 59.701360 seconds.
  path: Assets/Prefabs/Enemy.prefab
  artifactKey: Guid(e38f94b3947801f4aab3ec0f74e74d65) Importer(815301076,1909f56bfc062723c751e8b465ee728b)
Start importing Assets/Prefabs/Enemy.prefab using Guid(e38f94b3947801f4aab3ec0f74e74d65) Importer(815301076,1909f56bfc062723c751e8b465ee728b)  -> (artifact id: '5cadc40199ddc745bea195deef78035d') in 0.016080 seconds
  Import took 0.022277 seconds .

========================================================================
Received Prepare
Registering precompiled user dll's ...
Registered in 0.003072 seconds.
Begin MonoManager ReloadAssembly
Native extension for WindowsStandalone target not found
Native extension for WebGL target not found
Refreshing native plugins compatible for Editor in 0.58 ms, found 1 plugins.
Preloading 0 native plugins for Editor in 0.00 ms.
Mono: successfully reloaded assembly
- Completed reload, in  1.409 seconds
Platform modules already initialized, skipping
Refreshing native plugins compatible for Editor in 0.56 ms, found 1 plugins.
Preloading 0 native plugins for Editor in 0.00 ms.
Unloading 1808 Unused Serialized files (Serialized files now loaded: 0)
System memory in use before: 88.5 MB.
System memory in use after: 88.5 MB.

Unloading 12 unused Assets to reduce memory usage. Loaded Objects now: 2454.
Total: 2.696100 ms (FindLiveObjects: 0.273900 ms CreateObjectMapping: 0.092100 ms MarkObjects: 2.175000 ms  DeleteObjects: 0.153300 ms)

========================================================================
Received Import Request.
  Time since last request: 96.353411 seconds.
  path: Assets/Prefabs/ShipMissile.prefab
  artifactKey: Guid(79ab39bb05630d34492ea07e663d21e2) Importer(815301076,1909f56bfc062723c751e8b465ee728b)
Start importing Assets/Prefabs/ShipMissile.prefab using Guid(79ab39bb05630d34492ea07e663d21e2) Importer(815301076,1909f56bfc062723c751e8b465ee728b)  -> (artifact id: '2cd702ccf2ccd35e9d97c3880af7d081') in 0.075945 seconds
  Import took 0.080635 seconds .

========================================================================
Received Import Request.
  Time since last request: 0.228479 seconds.
  path: Assets/MissilesDie.cs
  artifactKey: Guid(c95e9ec910efdf147868e88b51127b3b) Importer(815301076,1909f56bfc062723c751e8b465ee728b)
Start importing Assets/MissilesDie.cs using Guid(c95e9ec910efdf147868e88b51127b3b) Importer(815301076,1909f56bfc062723c751e8b465ee728b)  -> (artifact id: '087b1dd3f39129faeab5a37fc460b9a1') in 0.003420 seconds
  Import took 0.007518 seconds .

========================================================================
Received Import Request.
  Time since last request: 0.005256 seconds.
  path: Assets/MissilesDie.cs
  artifactKey: Guid(c95e9ec910efdf147868e88b51127b3b) Importer(815301076,1909f56bfc062723c751e8b465ee728b)
Start importing Assets/MissilesDie.cs using Guid(c95e9ec910efdf147868e88b51127b3b) Importer(815301076,1909f56bfc062723c751e8b465ee728b)  -> (artifact id: '087b1dd3f39129faeab5a37fc460b9a1') in 0.003376 seconds
  Import took 0.008312 seconds .

========================================================================
Received Import Request.
  Time since last request: 25.566986 seconds.
  path: Assets/MissiledController.cs
  artifactKey: Guid(71e1567fb1489e44382f3822858c2f2c) Importer(815301076,1909f56bfc062723c751e8b465ee728b)
Start importing Assets/MissiledController.cs using Guid(71e1567fb1489e44382f3822858c2f2c) Importer(815301076,1909f56bfc062723c751e8b465ee728b)  -> (artifact id: '05d32ed430f0886db82e5b05cd9dc632') in 0.033301 seconds
  Import took 0.042398 seconds .

========================================================================
Received Prepare
Registering precompiled user dll's ...
Registered in 0.001087 seconds.
Begin MonoManager ReloadAssembly
Native extension for WindowsStandalone target not found
Native extension for WebGL target not found
Refreshing native plugins compatible for Editor in 0.62 ms, found 1 plugins.
Preloading 0 native plugins for Editor in 0.00 ms.
Mono: successfully reloaded assembly
- Completed reload, in  1.177 seconds
Platform modules already initialized, skipping
Refreshing native plugins compatible for Editor in 0.36 ms, found 1 plugins.
Preloading 0 native plugins for Editor in 0.00 ms.
Unloading 1809 Unused Serialized files (Serialized files now loaded: 0)
System memory in use before: 88.5 MB.
System memory in use after: 88.5 MB.

Unloading 12 unused Assets to reduce memory usage. Loaded Objects now: 2460.
Total: 2.734000 ms (FindLiveObjects: 0.192800 ms CreateObjectMapping: 0.067200 ms MarkObjects: 2.335400 ms  DeleteObjects: 0.137200 ms)

========================================================================
Received Import Request.
  Time since last request: 164.701482 seconds.
  path: Assets/Prefabs/ShipMissile.prefab
  artifactKey: Guid(79ab39bb05630d34492ea07e663d21e2) Importer(815301076,1909f56bfc062723c751e8b465ee728b)
Start importing Assets/Prefabs/ShipMissile.prefab using Guid(79ab39bb05630d34492ea07e663d21e2) Importer(815301076,1909f56bfc062723c751e8b465ee728b)  -> (artifact id: '8e8de362c5cf341f13dd3b5792725fe6') in 0.062497 seconds
  Import took 0.066877 seconds .

========================================================================
Received Prepare
Registering precompiled user dll's ...
Registered in 0.001210 seconds.
Begin MonoManager ReloadAssembly
Native extension for WindowsStandalone target not found
Native extension for WebGL target not found
Refreshing native plugins compatible for Editor in 0.81 ms, found 1 plugins.
Preloading 0 native plugins for Editor in 0.00 ms.
Mono: successfully reloaded assembly
- Completed reload, in  1.232 seconds
Platform modules already initialized, skipping
Refreshing native plugins compatible for Editor in 0.36 ms, found 1 plugins.
Preloading 0 native plugins for Editor in 0.00 ms.
Unloading 1809 Unused Serialized files (Serialized files now loaded: 0)
System memory in use before: 88.6 MB.
System memory in use after: 88.5 MB.

Unloading 12 unused Assets to reduce memory usage. Loaded Objects now: 2465.
Total: 2.946900 ms (FindLiveObjects: 0.225000 ms CreateObjectMapping: 0.096400 ms MarkObjects: 2.504300 ms  DeleteObjects: 0.120000 ms)

========================================================================
Received Import Request.
  Time since last request: 5.173072 seconds.
  path: Assets/Prefabs/Enemy.prefab
  artifactKey: Guid(e38f94b3947801f4aab3ec0f74e74d65) Importer(815301076,1909f56bfc062723c751e8b465ee728b)
Start importing Assets/Prefabs/Enemy.prefab using Guid(e38f94b3947801f4aab3ec0f74e74d65) Importer(815301076,1909f56bfc062723c751e8b465ee728b)  -> (artifact id: '2a009fc700edc2290082d0a6c0c9e44e') in 0.079185 seconds
  Import took 0.083918 seconds .

========================================================================
Received Import Request.
  Time since last request: 7.097793 seconds.
  path: Assets/Prefabs/Enemy.prefab
  artifactKey: Guid(e38f94b3947801f4aab3ec0f74e74d65) Importer(815301076,1909f56bfc062723c751e8b465ee728b)
Start importing Assets/Prefabs/Enemy.prefab using Guid(e38f94b3947801f4aab3ec0f74e74d65) Importer(815301076,1909f56bfc062723c751e8b465ee728b)  -> (artifact id: 'f93d176646c8434460f741651ac0a3cd') in 0.010502 seconds
  Import took 0.014476 seconds .

========================================================================
Received Import Request.
  Time since last request: 0.004365 seconds.
  path: Assets/Prefabs/Enemy.prefab
  artifactKey: Guid(e38f94b3947801f4aab3ec0f74e74d65) Importer(815301076,1909f56bfc062723c751e8b465ee728b)
Start importing Assets/Prefabs/Enemy.prefab using Guid(e38f94b3947801f4aab3ec0f74e74d65) Importer(815301076,1909f56bfc062723c751e8b465ee728b)  -> (artifact id: 'f93d176646c8434460f741651ac0a3cd') in 0.012000 seconds
  Import took 0.016277 seconds .

========================================================================
Received Prepare
Registering precompiled user dll's ...
Registered in 0.001204 seconds.
Begin MonoManager ReloadAssembly
Native extension for WindowsStandalone target not found
Native extension for WebGL target not found
Refreshing native plugins compatible for Editor in 0.34 ms, found 1 plugins.
Preloading 0 native plugins for Editor in 0.00 ms.
Mono: successfully reloaded assembly
- Completed reload, in  1.206 seconds
Platform modules already initialized, skipping
Refreshing native plugins compatible for Editor in 0.36 ms, found 1 plugins.
Preloading 0 native plugins for Editor in 0.00 ms.
Unloading 1809 Unused Serialized files (Serialized files now loaded: 0)
System memory in use before: 88.6 MB.
System memory in use after: 88.6 MB.

Unloading 12 unused Assets to reduce memory usage. Loaded Objects now: 2470.
Total: 2.356200 ms (FindLiveObjects: 0.214900 ms CreateObjectMapping: 0.106100 ms MarkObjects: 1.858300 ms  DeleteObjects: 0.175800 ms)

========================================================================
Received Import Request.
  Time since last request: 405.467063 seconds.
  path: Assets/Prefabs/Enemy.prefab
  artifactKey: Guid(e38f94b3947801f4aab3ec0f74e74d65) Importer(815301076,1909f56bfc062723c751e8b465ee728b)
Start importing Assets/Prefabs/Enemy.prefab using Guid(e38f94b3947801f4aab3ec0f74e74d65) Importer(815301076,1909f56bfc062723c751e8b465ee728b)  -> (artifact id: '8530c72445ff1e676a825e7a4dd74088') in 0.075596 seconds
  Import took 0.079490 seconds .

========================================================================
Received Import Request.
  Time since last request: 0.052427 seconds.
  path: Assets/Prefabs/Enemy.prefab
  artifactKey: Guid(e38f94b3947801f4aab3ec0f74e74d65) Importer(815301076,1909f56bfc062723c751e8b465ee728b)
Start importing Assets/Prefabs/Enemy.prefab using Guid(e38f94b3947801f4aab3ec0f74e74d65) Importer(815301076,1909f56bfc062723c751e8b465ee728b)  -> (artifact id: '8530c72445ff1e676a825e7a4dd74088') in 0.012268 seconds
  Import took 0.019345 seconds .

========================================================================
Received Prepare
Registering precompiled user dll's ...
Registered in 0.001338 seconds.
Begin MonoManager ReloadAssembly
Native extension for WindowsStandalone target not found
Native extension for WebGL target not found
Refreshing native plugins compatible for Editor in 0.35 ms, found 1 plugins.
Preloading 0 native plugins for Editor in 0.00 ms.
Mono: successfully reloaded assembly
- Completed reload, in  1.006 seconds
Platform modules already initialized, skipping
Refreshing native plugins compatible for Editor in 0.35 ms, found 1 plugins.
Preloading 0 native plugins for Editor in 0.00 ms.
Unloading 1809 Unused Serialized files (Serialized files now loaded: 0)
System memory in use before: 88.6 MB.
System memory in use after: 88.6 MB.

Unloading 12 unused Assets to reduce memory usage. Loaded Objects now: 2475.
Total: 2.992000 ms (FindLiveObjects: 0.194000 ms CreateObjectMapping: 0.061800 ms MarkObjects: 2.563900 ms  DeleteObjects: 0.171300 ms)

========================================================================
Received Prepare
Registering precompiled user dll's ...
Registered in 0.001464 seconds.
Begin MonoManager ReloadAssembly
Native extension for WindowsStandalone target not found
Native extension for WebGL target not found
Refreshing native plugins compatible for Editor in 0.34 ms, found 1 plugins.
Preloading 0 native plugins for Editor in 0.00 ms.
Mono: successfully reloaded assembly
- Completed reload, in  1.171 seconds
Platform modules already initialized, skipping
Refreshing native plugins compatible for Editor in 0.36 ms, found 1 plugins.
Preloading 0 native plugins for Editor in 0.00 ms.
Unloading 1809 Unused Serialized files (Serialized files now loaded: 0)
System memory in use before: 88.6 MB.
System memory in use after: 88.6 MB.

Unloading 12 unused Assets to reduce memory usage. Loaded Objects now: 2479.
Total: 2.335900 ms (FindLiveObjects: 0.205700 ms CreateObjectMapping: 0.072000 ms MarkObjects: 1.905900 ms  DeleteObjects: 0.151300 ms)

========================================================================
Received Prepare
Registering precompiled user dll's ...
Registered in 0.001023 seconds.
Begin MonoManager ReloadAssembly
Native extension for WindowsStandalone target not found
Native extension for WebGL target not found
Refreshing native plugins compatible for Editor in 0.47 ms, found 1 plugins.
Preloading 0 native plugins for Editor in 0.00 ms.
Mono: successfully reloaded assembly
- Completed reload, in  0.955 seconds
Platform modules already initialized, skipping
Refreshing native plugins compatible for Editor in 0.47 ms, found 1 plugins.
Preloading 0 native plugins for Editor in 0.00 ms.
Unloading 1809 Unused Serialized files (Serialized files now loaded: 0)
System memory in use before: 88.6 MB.
System memory in use after: 88.6 MB.

Unloading 12 unused Assets to reduce memory usage. Loaded Objects now: 2483.
Total: 2.399900 ms (FindLiveObjects: 0.184400 ms CreateObjectMapping: 0.061200 ms MarkObjects: 2.014800 ms  DeleteObjects: 0.138500 ms)

========================================================================
Received Prepare
Registering precompiled user dll's ...
Registered in 0.001163 seconds.
Begin MonoManager ReloadAssembly
Native extension for WindowsStandalone target not found
Native extension for WebGL target not found
Refreshing native plugins compatible for Editor in 0.34 ms, found 1 plugins.
Preloading 0 native plugins for Editor in 0.00 ms.
Mono: successfully reloaded assembly
- Completed reload, in  1.276 seconds
Platform modules already initialized, skipping
Refreshing native plugins compatible for Editor in 0.34 ms, found 1 plugins.
Preloading 0 native plugins for Editor in 0.00 ms.
Unloading 1809 Unused Serialized files (Serialized files now loaded: 0)
System memory in use before: 88.6 MB.
System memory in use after: 88.6 MB.

Unloading 12 unused Assets to reduce memory usage. Loaded Objects now: 2487.
Total: 3.458800 ms (FindLiveObjects: 0.218000 ms CreateObjectMapping: 0.063000 ms MarkObjects: 3.000800 ms  DeleteObjects: 0.175800 ms)

========================================================================
Received Import Request.
  Time since last request: 2723.829283 seconds.
  path: Assets/Prefabs/ShipMissile 1.prefab
  artifactKey: Guid(6a33472edf95cf549926bd1d3ba7f34c) Importer(815301076,1909f56bfc062723c751e8b465ee728b)
Start importing Assets/Prefabs/ShipMissile 1.prefab using Guid(6a33472edf95cf549926bd1d3ba7f34c) Importer(815301076,1909f56bfc062723c751e8b465ee728b)  -> (artifact id: '735220491039851ed6ad99283e3e67e4') in 0.094565 seconds
  Import took 0.100088 seconds .

========================================================================
Received Import Request.
  Time since last request: 13.692332 seconds.
  path: Assets/Prefabs/EnemyMissiles.prefab
  artifactKey: Guid(6a33472edf95cf549926bd1d3ba7f34c) Importer(815301076,1909f56bfc062723c751e8b465ee728b)
Start importing Assets/Prefabs/EnemyMissiles.prefab using Guid(6a33472edf95cf549926bd1d3ba7f34c) Importer(815301076,1909f56bfc062723c751e8b465ee728b)  -> (artifact id: 'ea639ea7fdc7797789992fda2c72eae2') in 0.020428 seconds
  Import took 0.025090 seconds .

========================================================================
Received Prepare
Registering precompiled user dll's ...
Registered in 0.001127 seconds.
Begin MonoManager ReloadAssembly
Native extension for WindowsStandalone target not found
Native extension for WebGL target not found
Refreshing native plugins compatible for Editor in 0.33 ms, found 1 plugins.
Preloading 0 native plugins for Editor in 0.00 ms.
Mono: successfully reloaded assembly
- Completed reload, in  0.975 seconds
Platform modules already initialized, skipping
Refreshing native plugins compatible for Editor in 0.37 ms, found 1 plugins.
Preloading 0 native plugins for Editor in 0.00 ms.
Unloading 1809 Unused Serialized files (Serialized files now loaded: 0)
System memory in use before: 88.7 MB.
System memory in use after: 88.6 MB.

Unloading 12 unused Assets to reduce memory usage. Loaded Objects now: 2492.
Total: 2.516500 ms (FindLiveObjects: 0.201500 ms CreateObjectMapping: 0.058900 ms MarkObjects: 2.094600 ms  DeleteObjects: 0.160700 ms)

========================================================================
Received Import Request.
  Time since last request: 40.261050 seconds.
  path: Assets/Prefabs/Enemy.prefab
  artifactKey: Guid(e38f94b3947801f4aab3ec0f74e74d65) Importer(815301076,1909f56bfc062723c751e8b465ee728b)
Start importing Assets/Prefabs/Enemy.prefab using Guid(e38f94b3947801f4aab3ec0f74e74d65) Importer(815301076,1909f56bfc062723c751e8b465ee728b)  -> (artifact id: 'fc888ec90b17a8df2029276eec5f06ce') in 0.072752 seconds
  Import took 0.076814 seconds .

========================================================================
Received Import Request.
  Time since last request: 5.536823 seconds.
  path: Assets/Prefabs/Enemy.prefab
  artifactKey: Guid(e38f94b3947801f4aab3ec0f74e74d65) Importer(815301076,1909f56bfc062723c751e8b465ee728b)
Start importing Assets/Prefabs/Enemy.prefab using Guid(e38f94b3947801f4aab3ec0f74e74d65) Importer(815301076,1909f56bfc062723c751e8b465ee728b)  -> (artifact id: '9c448f7dfb719a8b9021a42d4b20a98f') in 0.017770 seconds
  Import took 0.023927 seconds .

========================================================================
Received Prepare
Registering precompiled user dll's ...
Registered in 0.001730 seconds.
Begin MonoManager ReloadAssembly
Native extension for WindowsStandalone target not found
Native extension for WebGL target not found
Refreshing native plugins compatible for Editor in 0.35 ms, found 1 plugins.
Preloading 0 native plugins for Editor in 0.00 ms.
Mono: successfully reloaded assembly
- Completed reload, in  1.161 seconds
Platform modules already initialized, skipping
Refreshing native plugins compatible for Editor in 0.39 ms, found 1 plugins.
Preloading 0 native plugins for Editor in 0.00 ms.
Unloading 1809 Unused Serialized files (Serialized files now loaded: 0)
System memory in use before: 88.7 MB.
System memory in use after: 88.6 MB.

Unloading 12 unused Assets to reduce memory usage. Loaded Objects now: 2497.
Total: 2.890000 ms (FindLiveObjects: 0.438100 ms CreateObjectMapping: 0.084600 ms MarkObjects: 2.251200 ms  DeleteObjects: 0.114800 ms)

========================================================================
Received Import Request.
  Time since last request: 283.417031 seconds.
  path: Assets/Prefabs/Enemy.prefab
  artifactKey: Guid(e38f94b3947801f4aab3ec0f74e74d65) Importer(815301076,1909f56bfc062723c751e8b465ee728b)
Start importing Assets/Prefabs/Enemy.prefab using Guid(e38f94b3947801f4aab3ec0f74e74d65) Importer(815301076,1909f56bfc062723c751e8b465ee728b)  -> (artifact id: 'bcd171de523dcadd72145514bfff35f8') in 0.075829 seconds
  Import took 0.085067 seconds .

========================================================================
Received Import Request.
  Time since last request: 0.053095 seconds.
  path: Assets/Prefabs/Enemy.prefab
  artifactKey: Guid(e38f94b3947801f4aab3ec0f74e74d65) Importer(815301076,1909f56bfc062723c751e8b465ee728b)
Start importing Assets/Prefabs/Enemy.prefab using Guid(e38f94b3947801f4aab3ec0f74e74d65) Importer(815301076,1909f56bfc062723c751e8b465ee728b)  -> (artifact id: 'bcd171de523dcadd72145514bfff35f8') in 0.041246 seconds
  Import took 0.047817 seconds .

========================================================================
Received Prepare
Registering precompiled user dll's ...
Registered in 0.001212 seconds.
Begin MonoManager ReloadAssembly
Native extension for WindowsStandalone target not found
Native extension for WebGL target not found
Refreshing native plugins compatible for Editor in 0.39 ms, found 1 plugins.
Preloading 0 native plugins for Editor in 0.00 ms.
Mono: successfully reloaded assembly
- Completed reload, in  0.973 seconds
Platform modules already initialized, skipping
Refreshing native plugins compatible for Editor in 0.40 ms, found 1 plugins.
Preloading 0 native plugins for Editor in 0.00 ms.
Unloading 1809 Unused Serialized files (Serialized files now loaded: 0)
System memory in use before: 88.7 MB.
System memory in use after: 88.7 MB.

Unloading 12 unused Assets to reduce memory usage. Loaded Objects now: 2502.
Total: 2.414800 ms (FindLiveObjects: 0.234400 ms CreateObjectMapping: 0.054000 ms MarkObjects: 1.950300 ms  DeleteObjects: 0.175100 ms)

========================================================================
Received Prepare
Registering precompiled user dll's ...
Registered in 0.001276 seconds.
Begin MonoManager ReloadAssembly
Native extension for WindowsStandalone target not found
Native extension for WebGL target not found
Refreshing native plugins compatible for Editor in 0.39 ms, found 1 plugins.
Preloading 0 native plugins for Editor in 0.00 ms.
Mono: successfully reloaded assembly
- Completed reload, in  1.296 seconds
Platform modules already initialized, skipping
Refreshing native plugins compatible for Editor in 0.42 ms, found 1 plugins.
Preloading 0 native plugins for Editor in 0.00 ms.
Unloading 1809 Unused Serialized files (Serialized files now loaded: 0)
System memory in use before: 88.7 MB.
System memory in use after: 88.7 MB.

Unloading 12 unused Assets to reduce memory usage. Loaded Objects now: 2506.
Total: 2.419300 ms (FindLiveObjects: 0.180100 ms CreateObjectMapping: 0.070300 ms MarkObjects: 2.031600 ms  DeleteObjects: 0.136000 ms)

========================================================================
Received Prepare
Registering precompiled user dll's ...
Registered in 0.001192 seconds.
Begin MonoManager ReloadAssembly
Native extension for WindowsStandalone target not found
Native extension for WebGL target not found
Refreshing native plugins compatible for Editor in 0.44 ms, found 1 plugins.
Preloading 0 native plugins for Editor in 0.00 ms.
Mono: successfully reloaded assembly
- Completed reload, in  1.435 seconds
Platform modules already initialized, skipping
Refreshing native plugins compatible for Editor in 0.52 ms, found 1 plugins.
Preloading 0 native plugins for Editor in 0.00 ms.
Unloading 1809 Unused Serialized files (Serialized files now loaded: 0)
System memory in use before: 88.7 MB.
System memory in use after: 88.7 MB.

Unloading 12 unused Assets to reduce memory usage. Loaded Objects now: 2510.
Total: 3.750300 ms (FindLiveObjects: 0.287700 ms CreateObjectMapping: 0.078600 ms MarkObjects: 3.168700 ms  DeleteObjects: 0.213400 ms)

========================================================================
Received Import Request.
  Time since last request: 190.997994 seconds.
  path: Assets/Prefabs/Ship.prefab
  artifactKey: Guid(7db01e437f0c4e7428ff005ed151f7d0) Importer(815301076,1909f56bfc062723c751e8b465ee728b)
Start importing Assets/Prefabs/Ship.prefab using Guid(7db01e437f0c4e7428ff005ed151f7d0) Importer(815301076,1909f56bfc062723c751e8b465ee728b)  -> (artifact id: 'fc98a7dc268044689f43ea0c0aa71ff5') in 0.087045 seconds
  Import took 0.090901 seconds .

========================================================================
Received Import Request.
  Time since last request: 26.763226 seconds.
  path: Assets/Prefabs/Ship.prefab
  artifactKey: Guid(7db01e437f0c4e7428ff005ed151f7d0) Importer(815301076,1909f56bfc062723c751e8b465ee728b)
Start importing Assets/Prefabs/Ship.prefab using Guid(7db01e437f0c4e7428ff005ed151f7d0) Importer(815301076,1909f56bfc062723c751e8b465ee728b)  -> (artifact id: 'c0d97d591f1bf8ba366574f1de874fb2') in 0.018067 seconds
  Import took 0.025292 seconds .

========================================================================
Received Import Request.
  Time since last request: 2.417459 seconds.
  path: Assets/Prefabs/Ship.prefab
  artifactKey: Guid(7db01e437f0c4e7428ff005ed151f7d0) Importer(815301076,1909f56bfc062723c751e8b465ee728b)
Start importing Assets/Prefabs/Ship.prefab using Guid(7db01e437f0c4e7428ff005ed151f7d0) Importer(815301076,1909f56bfc062723c751e8b465ee728b)  -> (artifact id: '92e5f5b6d6b8c6b6c9c1ef113407eaf0') in 0.014925 seconds
  Import took 0.019495 seconds .

========================================================================
Received Prepare
Registering precompiled user dll's ...
Registered in 0.001112 seconds.
Begin MonoManager ReloadAssembly
Native extension for WindowsStandalone target not found
Native extension for WebGL target not found
Refreshing native plugins compatible for Editor in 0.33 ms, found 1 plugins.
Preloading 0 native plugins for Editor in 0.00 ms.
Mono: successfully reloaded assembly
- Completed reload, in  1.051 seconds
Platform modules already initialized, skipping
Refreshing native plugins compatible for Editor in 0.36 ms, found 1 plugins.
Preloading 0 native plugins for Editor in 0.00 ms.
Unloading 1809 Unused Serialized files (Serialized files now loaded: 0)
System memory in use before: 88.7 MB.
System memory in use after: 88.7 MB.

Unloading 12 unused Assets to reduce memory usage. Loaded Objects now: 2515.
Total: 2.475600 ms (FindLiveObjects: 0.198500 ms CreateObjectMapping: 0.055700 ms MarkObjects: 2.081200 ms  DeleteObjects: 0.139100 ms)

========================================================================
Received Import Request.
  Time since last request: 315.987734 seconds.
  path: Assets/Prefabs/Ship.prefab
  artifactKey: Guid(7db01e437f0c4e7428ff005ed151f7d0) Importer(815301076,1909f56bfc062723c751e8b465ee728b)
Start importing Assets/Prefabs/Ship.prefab using Guid(7db01e437f0c4e7428ff005ed151f7d0) Importer(815301076,1909f56bfc062723c751e8b465ee728b)  -> (artifact id: 'ea75af6a372bc117849809a6bcd583a8') in 0.063706 seconds
  Import took 0.066953 seconds .

========================================================================
Received Prepare
Registering precompiled user dll's ...
Registered in 0.001507 seconds.
Begin MonoManager ReloadAssembly
Native extension for WindowsStandalone target not found
Native extension for WebGL target not found
Refreshing native plugins compatible for Editor in 0.46 ms, found 1 plugins.
Preloading 0 native plugins for Editor in 0.00 ms.
Mono: successfully reloaded assembly
- Completed reload, in  1.084 seconds
Platform modules already initialized, skipping
Refreshing native plugins compatible for Editor in 0.36 ms, found 1 plugins.
Preloading 0 native plugins for Editor in 0.00 ms.
Unloading 1809 Unused Serialized files (Serialized files now loaded: 0)
System memory in use before: 88.7 MB.
System memory in use after: 88.7 MB.

Unloading 12 unused Assets to reduce memory usage. Loaded Objects now: 2520.
Total: 2.657400 ms (FindLiveObjects: 0.205800 ms CreateObjectMapping: 0.059000 ms MarkObjects: 2.228700 ms  DeleteObjects: 0.162800 ms)

========================================================================
Received Prepare
Registering precompiled user dll's ...
Registered in 0.002092 seconds.
Begin MonoManager ReloadAssembly
Native extension for WindowsStandalone target not found
Native extension for WebGL target not found
Refreshing native plugins compatible for Editor in 0.36 ms, found 1 plugins.
Preloading 0 native plugins for Editor in 0.00 ms.
Mono: successfully reloaded assembly
- Completed reload, in  1.207 seconds
Platform modules already initialized, skipping
Refreshing native plugins compatible for Editor in 0.35 ms, found 1 plugins.
Preloading 0 native plugins for Editor in 0.00 ms.
Unloading 1809 Unused Serialized files (Serialized files now loaded: 0)
System memory in use before: 88.7 MB.
System memory in use after: 88.7 MB.

Unloading 12 unused Assets to reduce memory usage. Loaded Objects now: 2524.
Total: 2.569700 ms (FindLiveObjects: 0.234500 ms CreateObjectMapping: 0.083500 ms MarkObjects: 2.122400 ms  DeleteObjects: 0.127900 ms)

========================================================================
Received Import Request.
  Time since last request: 292.322671 seconds.
  path: Assets/Prefabs/Enemy.prefab
  artifactKey: Guid(e38f94b3947801f4aab3ec0f74e74d65) Importer(815301076,1909f56bfc062723c751e8b465ee728b)
Start importing Assets/Prefabs/Enemy.prefab using Guid(e38f94b3947801f4aab3ec0f74e74d65) Importer(815301076,1909f56bfc062723c751e8b465ee728b)  -> (artifact id: '4d5e26669eaf9a5fc7f4db57c799dffc') in 0.070770 seconds
  Import took 0.075963 seconds .

========================================================================
Received Prepare
Registering precompiled user dll's ...
Registered in 0.001115 seconds.
Begin MonoManager ReloadAssembly
Native extension for WindowsStandalone target not found
Native extension for WebGL target not found
Refreshing native plugins compatible for Editor in 0.35 ms, found 1 plugins.
Preloading 0 native plugins for Editor in 0.00 ms.
Mono: successfully reloaded assembly
- Completed reload, in  1.275 seconds
Platform modules already initialized, skipping
Refreshing native plugins compatible for Editor in 0.36 ms, found 1 plugins.
Preloading 0 native plugins for Editor in 0.00 ms.
Unloading 1809 Unused Serialized files (Serialized files now loaded: 0)
System memory in use before: 88.7 MB.
System memory in use after: 88.7 MB.

Unloading 12 unused Assets to reduce memory usage. Loaded Objects now: 2529.
Total: 2.646800 ms (FindLiveObjects: 0.205300 ms CreateObjectMapping: 0.056800 ms MarkObjects: 2.234600 ms  DeleteObjects: 0.149100 ms)

========================================================================
Received Prepare
Registering precompiled user dll's ...
Registered in 0.001592 seconds.
Begin MonoManager ReloadAssembly
Native extension for WindowsStandalone target not found
Native extension for WebGL target not found
Refreshing native plugins compatible for Editor in 0.44 ms, found 1 plugins.
Preloading 0 native plugins for Editor in 0.00 ms.
Mono: successfully reloaded assembly
- Completed reload, in  1.463 seconds
Platform modules already initialized, skipping
Refreshing native plugins compatible for Editor in 0.46 ms, found 1 plugins.
Preloading 0 native plugins for Editor in 0.00 ms.
Unloading 1809 Unused Serialized files (Serialized files now loaded: 0)
System memory in use before: 88.7 MB.
System memory in use after: 88.7 MB.

Unloading 12 unused Assets to reduce memory usage. Loaded Objects now: 2533.
Total: 2.832800 ms (FindLiveObjects: 0.237000 ms CreateObjectMapping: 0.113400 ms MarkObjects: 2.355500 ms  DeleteObjects: 0.124900 ms)

========================================================================
Received Prepare
Registering precompiled user dll's ...
Registered in 0.001128 seconds.
Begin MonoManager ReloadAssembly
Native extension for WindowsStandalone target not found
Native extension for WebGL target not found
Refreshing native plugins compatible for Editor in 0.74 ms, found 1 plugins.
Preloading 0 native plugins for Editor in 0.00 ms.
Mono: successfully reloaded assembly
- Completed reload, in  1.125 seconds
Platform modules already initialized, skipping
Refreshing native plugins compatible for Editor in 0.48 ms, found 1 plugins.
Preloading 0 native plugins for Editor in 0.00 ms.
Unloading 1809 Unused Serialized files (Serialized files now loaded: 0)
System memory in use before: 88.8 MB.
System memory in use after: 88.7 MB.

Unloading 12 unused Assets to reduce memory usage. Loaded Objects now: 2537.
Total: 2.507700 ms (FindLiveObjects: 0.221900 ms CreateObjectMapping: 0.063100 ms MarkObjects: 2.057900 ms  DeleteObjects: 0.163800 ms)

========================================================================
Received Prepare
Registering precompiled user dll's ...
Registered in 0.001897 seconds.
Begin MonoManager ReloadAssembly
Native extension for WindowsStandalone target not found
Native extension for WebGL target not found
Refreshing native plugins compatible for Editor in 0.39 ms, found 1 plugins.
Preloading 0 native plugins for Editor in 0.00 ms.
Mono: successfully reloaded assembly
- Completed reload, in  1.464 seconds
Platform modules already initialized, skipping
Refreshing native plugins compatible for Editor in 0.73 ms, found 1 plugins.
Preloading 0 native plugins for Editor in 0.00 ms.
Unloading 1809 Unused Serialized files (Serialized files now loaded: 0)
System memory in use before: 88.8 MB.
System memory in use after: 88.7 MB.

Unloading 12 unused Assets to reduce memory usage. Loaded Objects now: 2541.
Total: 5.574700 ms (FindLiveObjects: 0.321800 ms CreateObjectMapping: 0.106600 ms MarkObjects: 4.894500 ms  DeleteObjects: 0.249300 ms)

AssetImportWorkerClient::OnTransportError - code=2 error=End of file
