Using pre-set license
Built from '2020.3/staging' branch; Version is '2020.3.8f1 (507919d4fff5) revision 5273881'; Using compiler version '192528614'; Build Type 'Release'
OS: 'Windows 10 Home Single Language; OS build 19041.1052; Version 2004; 64bit' Language: 'tr' Physical Memory: 16272 MB
BatchMode: 1, IsHumanControllingUs: 0, StartBugReporterOnCrash: 0, Is64bit: 1, IsPro: 0

 COMMAND LINE ARGUMENTS:
C:\Program Files\Unity\Hub\Editor\2020.3.8f1\Editor\Unity.exe
-adb2
-batchMode
-noUpm
-name
AssetImportWorker0
-projectPath
C:/Users/Ali/Desktop/Unity ders/SayiTahmin
-logFile
Logs/AssetImportWorker0.log
-srvPort
49486
Successfully changed project path to: C:/Users/Ali/Desktop/Unity ders/SayiTahmin
C:/Users/Ali/Desktop/Unity ders/SayiTahmin
Using Asset Import Pipeline V2.
Refreshing native plugins compatible for Editor in 46.55 ms, found 1 plugins.
Preloading 0 native plugins for Editor in 0.00 ms.
Initialize engine version: 2020.3.8f1 (507919d4fff5)
[Subsystems] Discovering subsystems at path C:/Program Files/Unity/Hub/Editor/2020.3.8f1/Editor/Data/Resources/UnitySubsystems
[Subsystems] Discovering subsystems at path C:/Users/Ali/Desktop/Unity ders/SayiTahmin/Assets
GfxDevice: creating device client; threaded=0
Direct3D:
    Version:  Direct3D 11.0 [level 11.1]
    Renderer: NVIDIA GeForce GTX 1050 (ID=0x1c8d)
    Vendor:   
    VRAM:     1977 MB
    Driver:   27.21.14.6627
Initialize mono
Mono path[0] = 'C:/Program Files/Unity/Hub/Editor/2020.3.8f1/Editor/Data/Managed'
Mono path[1] = 'C:/Program Files/Unity/Hub/Editor/2020.3.8f1/Editor/Data/MonoBleedingEdge/lib/mono/unityjit'
Mono config path = 'C:/Program Files/Unity/Hub/Editor/2020.3.8f1/Editor/Data/MonoBleedingEdge/etc'
Using monoOptions --debugger-agent=transport=dt_socket,embedding=1,server=y,suspend=n,address=127.0.0.1:56384
Begin MonoManager ReloadAssembly
Registering precompiled unity dll's ...
Register platform support module: C:/Program Files/Unity/Hub/Editor/2020.3.8f1/Editor/Data/PlaybackEngines/WebGLSupport/UnityEditor.WebGL.Extensions.dll
Register platform support module: C:/Program Files/Unity/Hub/Editor/2020.3.8f1/Editor/Data/PlaybackEngines/WindowsStandaloneSupport/UnityEditor.WindowsStandalone.Extensions.dll
Registered in 0.003394 seconds.
Native extension for WindowsStandalone target not found
Native extension for WebGL target not found
Refreshing native plugins compatible for Editor in 49.84 ms, found 1 plugins.
Preloading 0 native plugins for Editor in 0.00 ms.
Mono: successfully reloaded assembly
- Completed reload, in  1.454 seconds
Platform modules already initialized, skipping
Registering precompiled user dll's ...
Registered in 0.002080 seconds.
Begin MonoManager ReloadAssembly
Native extension for WindowsStandalone target not found
Native extension for WebGL target not found
Refreshing native plugins compatible for Editor in 44.89 ms, found 1 plugins.
Preloading 0 native plugins for Editor in 0.00 ms.
Mono: successfully reloaded assembly
- Completed reload, in  1.186 seconds
Platform modules already initialized, skipping
========================================================================
Worker process is ready to serve import requests
Launched and connected shader compiler UnityShaderCompiler.exe after 0.07 seconds
Refreshing native plugins compatible for Editor in 0.55 ms, found 1 plugins.
Preloading 0 native plugins for Editor in 0.00 ms.
Unloading 1808 Unused Serialized files (Serialized files now loaded: 0)
System memory in use before: 84.9 MB.
System memory in use after: 84.8 MB.

Unloading 24 unused Assets to reduce memory usage. Loaded Objects now: 2251.
Total: 2.042400 ms (FindLiveObjects: 0.181800 ms CreateObjectMapping: 0.063700 ms MarkObjects: 1.631900 ms  DeleteObjects: 0.162600 ms)

========================================================================
Received Import Request.
  path: Assets/Scenes/Oyun.unity
  artifactKey: Guid(3bd3ee0507044d14ba353ebc3cc7cd3a) Importer(815301076,1909f56bfc062723c751e8b465ee728b)
Start importing Assets/Scenes/Oyun.unity using Guid(3bd3ee0507044d14ba353ebc3cc7cd3a) Importer(815301076,1909f56bfc062723c751e8b465ee728b)  -> (artifact id: 'c65cc9b460c81ef084ab039b364bc420') in 0.020908 seconds
  Import took 0.024798 seconds .

========================================================================
Received Import Request.
  Time since last request: 5.247045 seconds.
  path: Assets/Scenes/Kazanma.unity
  artifactKey: Guid(d79ba0dc0582c5d448b12e6ca347099e) Importer(815301076,1909f56bfc062723c751e8b465ee728b)
Start importing Assets/Scenes/Kazanma.unity using Guid(d79ba0dc0582c5d448b12e6ca347099e) Importer(815301076,1909f56bfc062723c751e8b465ee728b)  -> (artifact id: '12c76a7352460109b93f834189d2a6a8') in 0.011409 seconds
  Import took 0.018647 seconds .

========================================================================
Received Import Request.
  Time since last request: 299.450333 seconds.
  path: Assets/Scenes/Menu.unity
  artifactKey: Guid(2cda990e2423bbf4892e6590ba056729) Importer(815301076,1909f56bfc062723c751e8b465ee728b)
Start importing Assets/Scenes/Menu.unity using Guid(2cda990e2423bbf4892e6590ba056729) Importer(815301076,1909f56bfc062723c751e8b465ee728b)  -> (artifact id: '2d479dd82cecd1b9b99509b1141e421c') in 0.010829 seconds
  Import took 0.016109 seconds .

========================================================================
Received Import Request.
  Time since last request: 0.000666 seconds.
  path: Assets/Scenes/Menu.unity
  artifactKey: Guid(2cda990e2423bbf4892e6590ba056729) Importer(815301076,1909f56bfc062723c751e8b465ee728b)
Start importing Assets/Scenes/Menu.unity using Guid(2cda990e2423bbf4892e6590ba056729) Importer(815301076,1909f56bfc062723c751e8b465ee728b)  -> (artifact id: '2d479dd82cecd1b9b99509b1141e421c') in 0.004263 seconds
  Import took 0.008978 seconds .

========================================================================
Received Prepare
Registering precompiled user dll's ...
Registered in 0.001329 seconds.
Begin MonoManager ReloadAssembly
Native extension for WindowsStandalone target not found
Native extension for WebGL target not found
Refreshing native plugins compatible for Editor in 0.68 ms, found 1 plugins.
Preloading 0 native plugins for Editor in 0.00 ms.
Mono: successfully reloaded assembly
- Completed reload, in  1.083 seconds
Platform modules already initialized, skipping
Refreshing native plugins compatible for Editor in 0.73 ms, found 1 plugins.
Preloading 0 native plugins for Editor in 0.00 ms.
Unloading 1803 Unused Serialized files (Serialized files now loaded: 0)
System memory in use before: 84.8 MB.
System memory in use after: 84.8 MB.

Unloading 12 unused Assets to reduce memory usage. Loaded Objects now: 2255.
Total: 3.309000 ms (FindLiveObjects: 0.203200 ms CreateObjectMapping: 0.067000 ms MarkObjects: 2.792500 ms  DeleteObjects: 0.244400 ms)

========================================================================
Received Import Request.
  Time since last request: 563.076792 seconds.
  path: Assets/Scenes/Oyun.unity
  artifactKey: Guid(3bd3ee0507044d14ba353ebc3cc7cd3a) Importer(815301076,1909f56bfc062723c751e8b465ee728b)
Start importing Assets/Scenes/Oyun.unity using Guid(3bd3ee0507044d14ba353ebc3cc7cd3a) Importer(815301076,1909f56bfc062723c751e8b465ee728b)  -> (artifact id: 'a1858aae38361d224c359133b8659d10') in 0.016585 seconds
  Import took 0.020850 seconds .

========================================================================
Received Import Request.
  Time since last request: 2.028537 seconds.
  path: Assets/Scenes/Menu.unity
  artifactKey: Guid(2cda990e2423bbf4892e6590ba056729) Importer(815301076,1909f56bfc062723c751e8b465ee728b)
Start importing Assets/Scenes/Menu.unity using Guid(2cda990e2423bbf4892e6590ba056729) Importer(815301076,1909f56bfc062723c751e8b465ee728b)  -> (artifact id: '784488f85ef0255dd9156f98e42ba517') in 0.003418 seconds
  Import took 0.008234 seconds .

========================================================================
Received Import Request.
  Time since last request: 26.933216 seconds.
  path: Assets/aa.unity
  artifactKey: Guid(7499ce23d47509f439d8d4e92029c26f) Importer(815301076,1909f56bfc062723c751e8b465ee728b)
Start importing Assets/aa.unity using Guid(7499ce23d47509f439d8d4e92029c26f) Importer(815301076,1909f56bfc062723c751e8b465ee728b)  -> (artifact id: '65383ace319d4a41b6c3b9164c96762f') in 0.012175 seconds
  Import took 0.018191 seconds .

========================================================================
Received Import Request.
  Time since last request: 0.001776 seconds.
  path: Assets/aa.unity
  artifactKey: Guid(7499ce23d47509f439d8d4e92029c26f) Importer(815301076,1909f56bfc062723c751e8b465ee728b)
Start importing Assets/aa.unity using Guid(7499ce23d47509f439d8d4e92029c26f) Importer(815301076,1909f56bfc062723c751e8b465ee728b)  -> (artifact id: '65383ace319d4a41b6c3b9164c96762f') in 0.003533 seconds
  Import took 0.008046 seconds .

========================================================================
Received Import Request.
  Time since last request: 10.245939 seconds.
  path: Assets
  artifactKey: Guid(00000000000000001000000000000000) Importer(815301076,1909f56bfc062723c751e8b465ee728b)
Start importing Assets using Guid(00000000000000001000000000000000) Importer(815301076,1909f56bfc062723c751e8b465ee728b)  -> (artifact id: '42d402b061de3733987d63b9cc3b64de') in 0.008679 seconds
  Import took 0.012531 seconds .

========================================================================
Received Import Request.
  Time since last request: 11.088455 seconds.
  path: Assets/SahneKontrolu.cs
  artifactKey: Guid(a08eafc6dc935484d936c78f52bce059) Importer(815301076,1909f56bfc062723c751e8b465ee728b)
Start importing Assets/SahneKontrolu.cs using Guid(a08eafc6dc935484d936c78f52bce059) Importer(815301076,1909f56bfc062723c751e8b465ee728b)  -> (artifact id: '9aabc937ef579ef39e36a4544e222675') in 0.057344 seconds
  Import took 0.060698 seconds .

========================================================================
Received Import Request.
  Time since last request: 0.068064 seconds.
  path: Assets/SahneKontrolu.cs
  artifactKey: Guid(a08eafc6dc935484d936c78f52bce059) Importer(815301076,1909f56bfc062723c751e8b465ee728b)
Start importing Assets/SahneKontrolu.cs using Guid(a08eafc6dc935484d936c78f52bce059) Importer(815301076,1909f56bfc062723c751e8b465ee728b)  -> (artifact id: '9aabc937ef579ef39e36a4544e222675') in 0.003438 seconds
  Import took 0.007338 seconds .

========================================================================
Received Prepare
Registering precompiled user dll's ...
Registered in 0.001736 seconds.
Begin MonoManager ReloadAssembly
Native extension for WindowsStandalone target not found
Native extension for WebGL target not found
Refreshing native plugins compatible for Editor in 0.36 ms, found 1 plugins.
Preloading 0 native plugins for Editor in 0.00 ms.
Mono: successfully reloaded assembly
- Completed reload, in  1.131 seconds
Platform modules already initialized, skipping
Refreshing native plugins compatible for Editor in 0.61 ms, found 1 plugins.
Preloading 0 native plugins for Editor in 0.00 ms.
Unloading 1804 Unused Serialized files (Serialized files now loaded: 0)
System memory in use before: 84.9 MB.
System memory in use after: 84.9 MB.

Unloading 12 unused Assets to reduce memory usage. Loaded Objects now: 2260.
Total: 2.283800 ms (FindLiveObjects: 0.198800 ms CreateObjectMapping: 0.084700 ms MarkObjects: 1.875200 ms  DeleteObjects: 0.123500 ms)

========================================================================
Received Import Request.
  Time since last request: 110.064922 seconds.
  path: Assets/Scenes/Kazanma.unity
  artifactKey: Guid(d79ba0dc0582c5d448b12e6ca347099e) Importer(815301076,1909f56bfc062723c751e8b465ee728b)
Start importing Assets/Scenes/Kazanma.unity using Guid(d79ba0dc0582c5d448b12e6ca347099e) Importer(815301076,1909f56bfc062723c751e8b465ee728b)  -> (artifact id: '26cbd6d17bf759ea94650e3c91661679') in 0.016290 seconds
  Import took 0.021778 seconds .

========================================================================
Received Import Request.
  Time since last request: 33.998464 seconds.
  path: Assets/Scenes/Menu.unity
  artifactKey: Guid(2cda990e2423bbf4892e6590ba056729) Importer(815301076,1909f56bfc062723c751e8b465ee728b)
Start importing Assets/Scenes/Menu.unity using Guid(2cda990e2423bbf4892e6590ba056729) Importer(815301076,1909f56bfc062723c751e8b465ee728b)  -> (artifact id: 'edd4f65ee0b3c947c83f5df9fc37890a') in 0.004254 seconds
  Import took 0.010665 seconds .

========================================================================
Received Import Request.
  Time since last request: 363.401578 seconds.
  path: Assets/Scenes/Menu.unity
  artifactKey: Guid(2cda990e2423bbf4892e6590ba056729) Importer(815301076,1909f56bfc062723c751e8b465ee728b)
Start importing Assets/Scenes/Menu.unity using Guid(2cda990e2423bbf4892e6590ba056729) Importer(815301076,1909f56bfc062723c751e8b465ee728b)  -> (artifact id: '3db8ea7ba658e2e4c78474e0b9a802a9') in 0.004712 seconds
  Import took 0.009730 seconds .

========================================================================
Received Prepare
Registering precompiled user dll's ...
Registered in 0.001820 seconds.
Begin MonoManager ReloadAssembly
Native extension for WindowsStandalone target not found
Native extension for WebGL target not found
Refreshing native plugins compatible for Editor in 0.65 ms, found 1 plugins.
Preloading 0 native plugins for Editor in 0.00 ms.
Mono: successfully reloaded assembly
- Completed reload, in  1.135 seconds
Platform modules already initialized, skipping
Refreshing native plugins compatible for Editor in 0.35 ms, found 1 plugins.
Preloading 0 native plugins for Editor in 0.00 ms.
Unloading 1804 Unused Serialized files (Serialized files now loaded: 0)
System memory in use before: 85.0 MB.
System memory in use after: 84.9 MB.

Unloading 12 unused Assets to reduce memory usage. Loaded Objects now: 2264.
Total: 2.413300 ms (FindLiveObjects: 0.370100 ms CreateObjectMapping: 0.070000 ms MarkObjects: 1.820000 ms  DeleteObjects: 0.152200 ms)

========================================================================
Received Import Request.
  Time since last request: 171.637557 seconds.
  path: Assets/Scenes/Kazanma.unity
  artifactKey: Guid(d79ba0dc0582c5d448b12e6ca347099e) Importer(815301076,1909f56bfc062723c751e8b465ee728b)
Start importing Assets/Scenes/Kazanma.unity using Guid(d79ba0dc0582c5d448b12e6ca347099e) Importer(815301076,1909f56bfc062723c751e8b465ee728b)  -> (artifact id: '6742c9740c7e81b8238dde054ca72827') in 0.015416 seconds
  Import took 0.020620 seconds .

========================================================================
Received Import Request.
  Time since last request: 0.001674 seconds.
  path: Assets/Scenes/Kazanma.unity
  artifactKey: Guid(d79ba0dc0582c5d448b12e6ca347099e) Importer(815301076,1909f56bfc062723c751e8b465ee728b)
Start importing Assets/Scenes/Kazanma.unity using Guid(d79ba0dc0582c5d448b12e6ca347099e) Importer(815301076,1909f56bfc062723c751e8b465ee728b)  -> (artifact id: '6742c9740c7e81b8238dde054ca72827') in 0.004122 seconds
  Import took 0.007621 seconds .

========================================================================
Received Import Request.
  Time since last request: 0.903246 seconds.
  path: Assets/Scenes/Oyun.unity
  artifactKey: Guid(3bd3ee0507044d14ba353ebc3cc7cd3a) Importer(815301076,1909f56bfc062723c751e8b465ee728b)
Start importing Assets/Scenes/Oyun.unity using Guid(3bd3ee0507044d14ba353ebc3cc7cd3a) Importer(815301076,1909f56bfc062723c751e8b465ee728b)  -> (artifact id: '4357dbde119576d02fdfb6c24e964c7e') in 0.003466 seconds
  Import took 0.007710 seconds .

========================================================================
Received Import Request.
  Time since last request: 15.764596 seconds.
  path: Assets/Scenes/Menu.unity
  artifactKey: Guid(2cda990e2423bbf4892e6590ba056729) Importer(815301076,1909f56bfc062723c751e8b465ee728b)
Start importing Assets/Scenes/Menu.unity using Guid(2cda990e2423bbf4892e6590ba056729) Importer(815301076,1909f56bfc062723c751e8b465ee728b)  -> (artifact id: '8d027b63f39bf736b738aa54bc4d649d') in 0.003916 seconds
  Import took 0.008670 seconds .

========================================================================
Received Import Request.
  Time since last request: 5.407485 seconds.
  path: Assets/Scenes/Kazanma.unity
  artifactKey: Guid(d79ba0dc0582c5d448b12e6ca347099e) Importer(815301076,1909f56bfc062723c751e8b465ee728b)
Start importing Assets/Scenes/Kazanma.unity using Guid(d79ba0dc0582c5d448b12e6ca347099e) Importer(815301076,1909f56bfc062723c751e8b465ee728b)  -> (artifact id: '962750b524a4198c89ce384297188d40') in 0.003768 seconds
  Import took 0.008070 seconds .

========================================================================
Received Prepare
Registering precompiled user dll's ...
Registered in 0.001773 seconds.
Begin MonoManager ReloadAssembly
Native extension for WindowsStandalone target not found
Native extension for WebGL target not found
Refreshing native plugins compatible for Editor in 0.42 ms, found 1 plugins.
Preloading 0 native plugins for Editor in 0.00 ms.
Mono: successfully reloaded assembly
- Completed reload, in  1.383 seconds
Platform modules already initialized, skipping
Refreshing native plugins compatible for Editor in 0.53 ms, found 1 plugins.
Preloading 0 native plugins for Editor in 0.00 ms.
Unloading 1804 Unused Serialized files (Serialized files now loaded: 0)
System memory in use before: 85.0 MB.
System memory in use after: 85.0 MB.

Unloading 12 unused Assets to reduce memory usage. Loaded Objects now: 2268.
Total: 2.511700 ms (FindLiveObjects: 0.225900 ms CreateObjectMapping: 0.124500 ms MarkObjects: 2.045600 ms  DeleteObjects: 0.114300 ms)

========================================================================
Received Prepare
Registering precompiled user dll's ...
Registered in 0.001131 seconds.
Begin MonoManager ReloadAssembly
Native extension for WindowsStandalone target not found
Native extension for WebGL target not found
Refreshing native plugins compatible for Editor in 0.38 ms, found 1 plugins.
Preloading 0 native plugins for Editor in 0.00 ms.
Mono: successfully reloaded assembly
- Completed reload, in  1.104 seconds
Platform modules already initialized, skipping
Refreshing native plugins compatible for Editor in 0.36 ms, found 1 plugins.
Preloading 0 native plugins for Editor in 0.00 ms.
Unloading 1804 Unused Serialized files (Serialized files now loaded: 0)
System memory in use before: 85.0 MB.
System memory in use after: 85.0 MB.

Unloading 12 unused Assets to reduce memory usage. Loaded Objects now: 2272.
Total: 2.260400 ms (FindLiveObjects: 0.183800 ms CreateObjectMapping: 0.055800 ms MarkObjects: 1.856200 ms  DeleteObjects: 0.163900 ms)

========================================================================
Received Prepare
Registering precompiled user dll's ...
Registered in 0.001055 seconds.
Begin MonoManager ReloadAssembly
Native extension for WindowsStandalone target not found
Native extension for WebGL target not found
Refreshing native plugins compatible for Editor in 0.34 ms, found 1 plugins.
Preloading 0 native plugins for Editor in 0.00 ms.
Mono: successfully reloaded assembly
- Completed reload, in  1.206 seconds
Platform modules already initialized, skipping
Refreshing native plugins compatible for Editor in 0.34 ms, found 1 plugins.
Preloading 0 native plugins for Editor in 0.00 ms.
Unloading 1804 Unused Serialized files (Serialized files now loaded: 0)
System memory in use before: 85.0 MB.
System memory in use after: 85.0 MB.

Unloading 12 unused Assets to reduce memory usage. Loaded Objects now: 2276.
Total: 2.480800 ms (FindLiveObjects: 0.165500 ms CreateObjectMapping: 0.064900 ms MarkObjects: 2.105800 ms  DeleteObjects: 0.143700 ms)

========================================================================
Received Prepare
Registering precompiled user dll's ...
Registered in 0.001370 seconds.
Begin MonoManager ReloadAssembly
Native extension for WindowsStandalone target not found
Native extension for WebGL target not found
Refreshing native plugins compatible for Editor in 0.34 ms, found 1 plugins.
Preloading 0 native plugins for Editor in 0.00 ms.
Mono: successfully reloaded assembly
- Completed reload, in  1.127 seconds
Platform modules already initialized, skipping
Refreshing native plugins compatible for Editor in 0.35 ms, found 1 plugins.
Preloading 0 native plugins for Editor in 0.00 ms.
Unloading 1804 Unused Serialized files (Serialized files now loaded: 0)
System memory in use before: 85.0 MB.
System memory in use after: 85.0 MB.

Unloading 12 unused Assets to reduce memory usage. Loaded Objects now: 2280.
Total: 2.392700 ms (FindLiveObjects: 0.188100 ms CreateObjectMapping: 0.062100 ms MarkObjects: 2.005000 ms  DeleteObjects: 0.136500 ms)

========================================================================
Received Import Request.
  Time since last request: 613.235665 seconds.
  path: Assets/Scenes/Menu.unity
  artifactKey: Guid(2cda990e2423bbf4892e6590ba056729) Importer(815301076,1909f56bfc062723c751e8b465ee728b)
Start importing Assets/Scenes/Menu.unity using Guid(2cda990e2423bbf4892e6590ba056729) Importer(815301076,1909f56bfc062723c751e8b465ee728b)  -> (artifact id: '4efd82185fef68b146aedfd067751f7d') in 0.017082 seconds
  Import took 0.020692 seconds .

========================================================================
Received Prepare
Registering precompiled user dll's ...
Registered in 0.001275 seconds.
Begin MonoManager ReloadAssembly
Native extension for WindowsStandalone target not found
Native extension for WebGL target not found
Refreshing native plugins compatible for Editor in 0.75 ms, found 1 plugins.
Preloading 0 native plugins for Editor in 0.00 ms.
Mono: successfully reloaded assembly
- Completed reload, in  1.129 seconds
Platform modules already initialized, skipping
Refreshing native plugins compatible for Editor in 0.43 ms, found 1 plugins.
Preloading 0 native plugins for Editor in 0.00 ms.
Unloading 1804 Unused Serialized files (Serialized files now loaded: 0)
System memory in use before: 85.0 MB.
System memory in use after: 85.0 MB.

Unloading 12 unused Assets to reduce memory usage. Loaded Objects now: 2284.
Total: 5.988200 ms (FindLiveObjects: 0.514800 ms CreateObjectMapping: 0.371100 ms MarkObjects: 4.743600 ms  DeleteObjects: 0.356600 ms)

========================================================================
Received Prepare
Registering precompiled user dll's ...
Registered in 0.002858 seconds.
Begin MonoManager ReloadAssembly
Native extension for WindowsStandalone target not found
Native extension for WebGL target not found
Refreshing native plugins compatible for Editor in 0.60 ms, found 1 plugins.
Preloading 0 native plugins for Editor in 0.00 ms.
Mono: successfully reloaded assembly
- Completed reload, in  1.358 seconds
Platform modules already initialized, skipping
Refreshing native plugins compatible for Editor in 0.65 ms, found 1 plugins.
Preloading 0 native plugins for Editor in 0.00 ms.
Unloading 1851 Unused Serialized files (Serialized files now loaded: 0)
System memory in use before: 88.0 MB.
System memory in use after: 87.3 MB.

Unloading 25 unused Assets to reduce memory usage. Loaded Objects now: 2322.
Total: 2.888100 ms (FindLiveObjects: 0.217400 ms CreateObjectMapping: 0.081400 ms MarkObjects: 2.014500 ms  DeleteObjects: 0.573500 ms)

========================================================================
Received Import Request.
  Time since last request: 252.900989 seconds.
  path: Assets/TextMesh Pro/Examples & Extras/Fonts/Anton.ttf
  artifactKey: Guid(997a43b767814dd0a7642ec9b78cba41) Importer(815301076,1909f56bfc062723c751e8b465ee728b)
Start importing Assets/TextMesh Pro/Examples & Extras/Fonts/Anton.ttf using Guid(997a43b767814dd0a7642ec9b78cba41) Importer(815301076,1909f56bfc062723c751e8b465ee728b)  -> (artifact id: 'c021423d58eefbaadd439e6a2db48f50') in 0.424447 seconds
  Import took 0.431674 seconds .

========================================================================
Received Import Request.
  Time since last request: 0.009834 seconds.
  path: Assets/TextMesh Pro/Examples & Extras/Fonts/Oswald-Bold.ttf
  artifactKey: Guid(c9f6d0e7bc8541498c9a4799ba184ede) Importer(815301076,1909f56bfc062723c751e8b465ee728b)
Start importing Assets/TextMesh Pro/Examples & Extras/Fonts/Oswald-Bold.ttf using Guid(c9f6d0e7bc8541498c9a4799ba184ede) Importer(815301076,1909f56bfc062723c751e8b465ee728b)  -> (artifact id: '0c97f1bcd6c24f1dd153a6c09bba5051') in 0.049301 seconds
  Import took 0.062203 seconds .

========================================================================
Received Import Request.
  Time since last request: 0.000283 seconds.
  path: Assets/TextMesh Pro/Examples & Extras/Fonts/Roboto-Bold.ttf
  artifactKey: Guid(4beb055f07aaff244873dec698d0363e) Importer(815301076,1909f56bfc062723c751e8b465ee728b)
Start importing Assets/TextMesh Pro/Examples & Extras/Fonts/Roboto-Bold.ttf using Guid(4beb055f07aaff244873dec698d0363e) Importer(815301076,1909f56bfc062723c751e8b465ee728b)  -> (artifact id: '2d3b35be25dd66e2588ff01485ecf1a3') in 0.035995 seconds
  Import took 0.043465 seconds .

========================================================================
Received Import Request.
  Time since last request: 0.000206 seconds.
  path: Assets/TextMesh Pro/Examples & Extras/Fonts/Electronic Highway Sign.TTF
  artifactKey: Guid(8a2b9e2a607dd2143b58c44bc32410b4) Importer(815301076,1909f56bfc062723c751e8b465ee728b)
Start importing Assets/TextMesh Pro/Examples & Extras/Fonts/Electronic Highway Sign.TTF using Guid(8a2b9e2a607dd2143b58c44bc32410b4) Importer(815301076,1909f56bfc062723c751e8b465ee728b)  -> (artifact id: 'a0f9f7ff0f990b5987047ce8bf9bad37') in 0.057309 seconds
  Import took 0.061555 seconds .

========================================================================
Received Import Request.
  Time since last request: 0.000236 seconds.
  path: Assets/TextMesh Pro/Fonts/LiberationSans.ttf
  artifactKey: Guid(e3265ab4bf004d28a9537516768c1c75) Importer(815301076,1909f56bfc062723c751e8b465ee728b)
Start importing Assets/TextMesh Pro/Fonts/LiberationSans.ttf using Guid(e3265ab4bf004d28a9537516768c1c75) Importer(815301076,1909f56bfc062723c751e8b465ee728b)  -> (artifact id: '1545d9d30191816af9288526690ca05f') in 0.065301 seconds
  Import took 0.070300 seconds .

========================================================================
Received Import Request.
  Time since last request: 0.000256 seconds.
  path: Assets/TextMesh Pro/Examples & Extras/Fonts/Bangers.ttf
  artifactKey: Guid(5dd49b3eacc540408c98eee0de38e0f1) Importer(815301076,1909f56bfc062723c751e8b465ee728b)
Start importing Assets/TextMesh Pro/Examples & Extras/Fonts/Bangers.ttf using Guid(5dd49b3eacc540408c98eee0de38e0f1) Importer(815301076,1909f56bfc062723c751e8b465ee728b)  -> (artifact id: 'e963049bea2de54fefb6c9d9aae49f80') in 0.058837 seconds
  Import took 0.071622 seconds .

========================================================================
Received Import Request.
  Time since last request: 0.000242 seconds.
  path: Assets/TextMesh Pro/Examples & Extras/Fonts/Anton.ttf
  artifactKey: Guid(997a43b767814dd0a7642ec9b78cba41) Importer(815301076,1909f56bfc062723c751e8b465ee728b)
Start importing Assets/TextMesh Pro/Examples & Extras/Fonts/Anton.ttf using Guid(997a43b767814dd0a7642ec9b78cba41) Importer(815301076,1909f56bfc062723c751e8b465ee728b)  -> (artifact id: 'c021423d58eefbaadd439e6a2db48f50') in 0.034376 seconds
  Import took 0.049022 seconds .

========================================================================
Received Import Request.
  Time since last request: 596.159762 seconds.
  path: Assets/Scenes/Oyun.unity
  artifactKey: Guid(3bd3ee0507044d14ba353ebc3cc7cd3a) Importer(815301076,1909f56bfc062723c751e8b465ee728b)
Start importing Assets/Scenes/Oyun.unity using Guid(3bd3ee0507044d14ba353ebc3cc7cd3a) Importer(815301076,1909f56bfc062723c751e8b465ee728b)  -> (artifact id: '4f93c97dceb0a53cf05c531817c7ef7f') in 0.005687 seconds
  Import took 0.011360 seconds .

========================================================================
Received Import Request.
  Time since last request: 33.485035 seconds.
  path: Assets/OyunMekanigi.cs
  artifactKey: Guid(4e2d234d3a4a9d44dbd75953e15a482c) Importer(815301076,1909f56bfc062723c751e8b465ee728b)
Start importing Assets/OyunMekanigi.cs using Guid(4e2d234d3a4a9d44dbd75953e15a482c) Importer(815301076,1909f56bfc062723c751e8b465ee728b)  -> (artifact id: 'a7426fb88f173d845b193f86bf76f9e7') in 0.012083 seconds
  Import took 0.016831 seconds .

========================================================================
Received Prepare
Registering precompiled user dll's ...
Registered in 0.001225 seconds.
Begin MonoManager ReloadAssembly
Native extension for WindowsStandalone target not found
Native extension for WebGL target not found
Refreshing native plugins compatible for Editor in 0.58 ms, found 1 plugins.
Preloading 0 native plugins for Editor in 0.00 ms.
Mono: successfully reloaded assembly
- Completed reload, in  1.096 seconds
Platform modules already initialized, skipping
Refreshing native plugins compatible for Editor in 0.37 ms, found 1 plugins.
Preloading 0 native plugins for Editor in 0.00 ms.
Unloading 1852 Unused Serialized files (Serialized files now loaded: 0)
System memory in use before: 91.4 MB.
System memory in use after: 90.7 MB.

Unloading 25 unused Assets to reduce memory usage. Loaded Objects now: 2371.
Total: 2.707200 ms (FindLiveObjects: 0.211800 ms CreateObjectMapping: 0.078800 ms MarkObjects: 2.006100 ms  DeleteObjects: 0.409400 ms)

========================================================================
Received Prepare
Registering precompiled user dll's ...
Registered in 0.001087 seconds.
Begin MonoManager ReloadAssembly
Native extension for WindowsStandalone target not found
Native extension for WebGL target not found
Refreshing native plugins compatible for Editor in 0.35 ms, found 1 plugins.
Preloading 0 native plugins for Editor in 0.00 ms.
Mono: successfully reloaded assembly
- Completed reload, in  1.022 seconds
Platform modules already initialized, skipping
Refreshing native plugins compatible for Editor in 0.40 ms, found 1 plugins.
Preloading 0 native plugins for Editor in 0.00 ms.
Unloading 1852 Unused Serialized files (Serialized files now loaded: 0)
System memory in use before: 91.4 MB.
System memory in use after: 90.8 MB.

Unloading 25 unused Assets to reduce memory usage. Loaded Objects now: 2375.
Total: 2.828700 ms (FindLiveObjects: 0.216700 ms CreateObjectMapping: 0.064000 ms MarkObjects: 2.000300 ms  DeleteObjects: 0.546700 ms)

========================================================================
Received Import Request.
  Time since last request: 128.253679 seconds.
  path: Assets/OyunMekanigi.cs
  artifactKey: Guid(4e2d234d3a4a9d44dbd75953e15a482c) Importer(815301076,1909f56bfc062723c751e8b465ee728b)
Start importing Assets/OyunMekanigi.cs using Guid(4e2d234d3a4a9d44dbd75953e15a482c) Importer(815301076,1909f56bfc062723c751e8b465ee728b)  -> (artifact id: '18c546489d025eccbfe9a2f1abb281c2') in 0.005273 seconds
  Import took 0.008519 seconds .

========================================================================
Received Import Request.
  Time since last request: 101.113595 seconds.
  path: Assets/Caramel Sweets.ttf
  artifactKey: Guid(f8b0f73d6ab02834ebd6c6db7d09e1ed) Importer(815301076,1909f56bfc062723c751e8b465ee728b)
Start importing Assets/Caramel Sweets.ttf using Guid(f8b0f73d6ab02834ebd6c6db7d09e1ed) Importer(815301076,1909f56bfc062723c751e8b465ee728b)  -> (artifact id: '3997e3a699b8d3093384c9339e371d8e') in 0.088631 seconds
  Import took 0.093647 seconds .

========================================================================
Received Import Request.
  Time since last request: 19.257978 seconds.
  path: Assets/TextMesh Pro
  artifactKey: Guid(f54d1bd14bd3ca042bd867b519fee8cc) Importer(815301076,1909f56bfc062723c751e8b465ee728b)
Start importing Assets/TextMesh Pro using Guid(f54d1bd14bd3ca042bd867b519fee8cc) Importer(815301076,1909f56bfc062723c751e8b465ee728b)  -> (artifact id: '16b4cbde9565bf190136f1148817e1ea') in 0.010592 seconds
  Import took 0.014899 seconds .

========================================================================
Received Import Request.
  Time since last request: 0.002013 seconds.
  path: Assets/TextMesh Pro
  artifactKey: Guid(f54d1bd14bd3ca042bd867b519fee8cc) Importer(815301076,1909f56bfc062723c751e8b465ee728b)
Start importing Assets/TextMesh Pro using Guid(f54d1bd14bd3ca042bd867b519fee8cc) Importer(815301076,1909f56bfc062723c751e8b465ee728b)  -> (artifact id: '16b4cbde9565bf190136f1148817e1ea') in 0.003490 seconds
  Import took 0.007177 seconds .

========================================================================
Received Import Request.
  Time since last request: 28.389165 seconds.
  path: Assets/Caramelss.asset
  artifactKey: Guid(a539f96c1af3b2e4ca4d573489de4234) Importer(815301076,1909f56bfc062723c751e8b465ee728b)
Start importing Assets/Caramelss.asset using Guid(a539f96c1af3b2e4ca4d573489de4234) Importer(815301076,1909f56bfc062723c751e8b465ee728b)  -> (artifact id: '46f3487983b275ae874cc673390589c0') in 0.068513 seconds
  Import took 0.073027 seconds .

========================================================================
Received Prepare
Registering precompiled user dll's ...
Registered in 0.001173 seconds.
Begin MonoManager ReloadAssembly
Native extension for WindowsStandalone target not found
Native extension for WebGL target not found
Refreshing native plugins compatible for Editor in 0.51 ms, found 1 plugins.
Preloading 0 native plugins for Editor in 0.00 ms.
Mono: successfully reloaded assembly
- Completed reload, in  1.005 seconds
Platform modules already initialized, skipping
Refreshing native plugins compatible for Editor in 0.39 ms, found 1 plugins.
Preloading 0 native plugins for Editor in 0.00 ms.
Unloading 1852 Unused Serialized files (Serialized files now loaded: 0)
System memory in use before: 91.5 MB.
System memory in use after: 90.9 MB.

Unloading 23 unused Assets to reduce memory usage. Loaded Objects now: 2383.
Total: 2.590100 ms (FindLiveObjects: 0.187500 ms CreateObjectMapping: 0.063300 ms MarkObjects: 2.006700 ms  DeleteObjects: 0.331600 ms)

========================================================================
Received Import Request.
  Time since last request: 199.500338 seconds.
  path: Assets/OyunMekanigi.cs
  artifactKey: Guid(4e2d234d3a4a9d44dbd75953e15a482c) Importer(815301076,1909f56bfc062723c751e8b465ee728b)
Start importing Assets/OyunMekanigi.cs using Guid(4e2d234d3a4a9d44dbd75953e15a482c) Importer(815301076,1909f56bfc062723c751e8b465ee728b)  -> (artifact id: '70266bd0032bf0d04abed8bb57dc1acb') in 0.006755 seconds
  Import took 0.011623 seconds .

========================================================================
Received Import Request.
  Time since last request: 0.034638 seconds.
  path: Assets/OyunMekanigi.cs
  artifactKey: Guid(4e2d234d3a4a9d44dbd75953e15a482c) Importer(815301076,1909f56bfc062723c751e8b465ee728b)
Start importing Assets/OyunMekanigi.cs using Guid(4e2d234d3a4a9d44dbd75953e15a482c) Importer(815301076,1909f56bfc062723c751e8b465ee728b)  -> (artifact id: '70266bd0032bf0d04abed8bb57dc1acb') in 0.004633 seconds
  Import took 0.009977 seconds .

========================================================================
Received Prepare
Registering precompiled user dll's ...
Registered in 0.001082 seconds.
Begin MonoManager ReloadAssembly
Native extension for WindowsStandalone target not found
Native extension for WebGL target not found
Refreshing native plugins compatible for Editor in 0.36 ms, found 1 plugins.
Preloading 0 native plugins for Editor in 0.00 ms.
Mono: successfully reloaded assembly
- Completed reload, in  1.093 seconds
Platform modules already initialized, skipping
Refreshing native plugins compatible for Editor in 0.52 ms, found 1 plugins.
Preloading 0 native plugins for Editor in 0.00 ms.
Unloading 1850 Unused Serialized files (Serialized files now loaded: 0)
System memory in use before: 91.3 MB.
System memory in use after: 90.7 MB.

Unloading 23 unused Assets to reduce memory usage. Loaded Objects now: 2387.
Total: 2.506700 ms (FindLiveObjects: 0.181500 ms CreateObjectMapping: 0.063300 ms MarkObjects: 1.800800 ms  DeleteObjects: 0.460000 ms)

========================================================================
Received Prepare
Registering precompiled user dll's ...
Registered in 0.001075 seconds.
Begin MonoManager ReloadAssembly
Native extension for WindowsStandalone target not found
Native extension for WebGL target not found
Refreshing native plugins compatible for Editor in 0.44 ms, found 1 plugins.
Preloading 0 native plugins for Editor in 0.00 ms.
Mono: successfully reloaded assembly
- Completed reload, in  0.995 seconds
Platform modules already initialized, skipping
Refreshing native plugins compatible for Editor in 0.38 ms, found 1 plugins.
Preloading 0 native plugins for Editor in 0.00 ms.
Unloading 1850 Unused Serialized files (Serialized files now loaded: 0)
System memory in use before: 91.3 MB.
System memory in use after: 90.7 MB.

Unloading 23 unused Assets to reduce memory usage. Loaded Objects now: 2391.
Total: 2.541000 ms (FindLiveObjects: 0.194000 ms CreateObjectMapping: 0.066800 ms MarkObjects: 1.878100 ms  DeleteObjects: 0.401300 ms)

========================================================================
Received Prepare
Registering precompiled user dll's ...
Registered in 0.002039 seconds.
Begin MonoManager ReloadAssembly
Native extension for WindowsStandalone target not found
Native extension for WebGL target not found
Refreshing native plugins compatible for Editor in 0.84 ms, found 1 plugins.
Preloading 0 native plugins for Editor in 0.00 ms.
Mono: successfully reloaded assembly
- Completed reload, in  1.650 seconds
Platform modules already initialized, skipping
Refreshing native plugins compatible for Editor in 0.81 ms, found 1 plugins.
Preloading 0 native plugins for Editor in 0.00 ms.
Unloading 1850 Unused Serialized files (Serialized files now loaded: 0)
System memory in use before: 91.3 MB.
System memory in use after: 90.7 MB.

Unloading 23 unused Assets to reduce memory usage. Loaded Objects now: 2395.
Total: 3.621400 ms (FindLiveObjects: 0.258900 ms CreateObjectMapping: 0.102100 ms MarkObjects: 2.873500 ms  DeleteObjects: 0.385000 ms)

========================================================================
Received Prepare
Registering precompiled user dll's ...
Registered in 0.001558 seconds.
Begin MonoManager ReloadAssembly
Native extension for WindowsStandalone target not found
Native extension for WebGL target not found
Refreshing native plugins compatible for Editor in 0.46 ms, found 1 plugins.
Preloading 0 native plugins for Editor in 0.00 ms.
Mono: successfully reloaded assembly
- Completed reload, in  1.562 seconds
Platform modules already initialized, skipping
Refreshing native plugins compatible for Editor in 0.52 ms, found 1 plugins.
Preloading 0 native plugins for Editor in 0.00 ms.
Unloading 1850 Unused Serialized files (Serialized files now loaded: 0)
System memory in use before: 91.3 MB.
System memory in use after: 90.8 MB.

Unloading 23 unused Assets to reduce memory usage. Loaded Objects now: 2399.
Total: 3.831900 ms (FindLiveObjects: 0.454100 ms CreateObjectMapping: 0.296800 ms MarkObjects: 2.682100 ms  DeleteObjects: 0.396900 ms)

========================================================================
Received Prepare
Registering precompiled user dll's ...
Registered in 0.001497 seconds.
Begin MonoManager ReloadAssembly
Native extension for WindowsStandalone target not found
Native extension for WebGL target not found
Refreshing native plugins compatible for Editor in 0.87 ms, found 1 plugins.
Preloading 0 native plugins for Editor in 0.00 ms.
Mono: successfully reloaded assembly
- Completed reload, in  1.124 seconds
Platform modules already initialized, skipping
Refreshing native plugins compatible for Editor in 0.40 ms, found 1 plugins.
Preloading 0 native plugins for Editor in 0.00 ms.
Unloading 1850 Unused Serialized files (Serialized files now loaded: 0)
System memory in use before: 91.3 MB.
System memory in use after: 90.7 MB.

Unloading 23 unused Assets to reduce memory usage. Loaded Objects now: 2403.
Total: 3.117600 ms (FindLiveObjects: 0.200200 ms CreateObjectMapping: 0.063400 ms MarkObjects: 2.014100 ms  DeleteObjects: 0.838600 ms)

========================================================================
Received Prepare
Registering precompiled user dll's ...
Registered in 0.001994 seconds.
Begin MonoManager ReloadAssembly
Native extension for WindowsStandalone target not found
Native extension for WebGL target not found
Refreshing native plugins compatible for Editor in 0.73 ms, found 1 plugins.
Preloading 0 native plugins for Editor in 0.00 ms.
Mono: successfully reloaded assembly
- Completed reload, in  1.340 seconds
Platform modules already initialized, skipping
Refreshing native plugins compatible for Editor in 0.89 ms, found 1 plugins.
Preloading 0 native plugins for Editor in 0.00 ms.
Unloading 1850 Unused Serialized files (Serialized files now loaded: 0)
System memory in use before: 91.3 MB.
System memory in use after: 90.7 MB.

Unloading 23 unused Assets to reduce memory usage. Loaded Objects now: 2407.
Total: 3.980000 ms (FindLiveObjects: 0.232300 ms CreateObjectMapping: 0.135800 ms MarkObjects: 3.130900 ms  DeleteObjects: 0.479300 ms)

========================================================================
Received Prepare
Registering precompiled user dll's ...
Registered in 0.001430 seconds.
Begin MonoManager ReloadAssembly
Native extension for WindowsStandalone target not found
Native extension for WebGL target not found
Refreshing native plugins compatible for Editor in 0.35 ms, found 1 plugins.
Preloading 0 native plugins for Editor in 0.00 ms.
Mono: successfully reloaded assembly
- Completed reload, in  1.120 seconds
Platform modules already initialized, skipping
Refreshing native plugins compatible for Editor in 0.40 ms, found 1 plugins.
Preloading 0 native plugins for Editor in 0.00 ms.
Unloading 1850 Unused Serialized files (Serialized files now loaded: 0)
System memory in use before: 91.3 MB.
System memory in use after: 90.8 MB.

Unloading 23 unused Assets to reduce memory usage. Loaded Objects now: 2411.
Total: 2.741900 ms (FindLiveObjects: 0.206700 ms CreateObjectMapping: 0.067500 ms MarkObjects: 2.065500 ms  DeleteObjects: 0.401100 ms)

AssetImportWorkerClient::OnTransportError - code=2 error=End of file
