Using pre-set license
Built from '2020.3/staging' branch; Version is '2020.3.8f1 (507919d4fff5) revision 5273881'; Using compiler version '192528614'; Build Type 'Release'
OS: 'Windows 10 Home Single Language; OS build 19041.1083; Version 2004; 64bit' Language: 'tr' Physical Memory: 16272 MB
BatchMode: 1, IsHumanControllingUs: 0, StartBugReporterOnCrash: 0, Is64bit: 1, IsPro: 0

 COMMAND LINE ARGUMENTS:
C:\Program Files\Unity\Hub\Editor\2020.3.8f1\Editor\Unity.exe
-adb2
-batchMode
-noUpm
-name
AssetImportWorker0
-projectPath
C:/Users/Ali/Desktop/Unity ders/Platform_Oyunu_2D
-logFile
Logs/AssetImportWorker0.log
-srvPort
52679
Successfully changed project path to: C:/Users/Ali/Desktop/Unity ders/Platform_Oyunu_2D
C:/Users/Ali/Desktop/Unity ders/Platform_Oyunu_2D
Using Asset Import Pipeline V2.
Refreshing native plugins compatible for Editor in 43.53 ms, found 1 plugins.
Preloading 0 native plugins for Editor in 0.00 ms.
Initialize engine version: 2020.3.8f1 (507919d4fff5)
[Subsystems] Discovering subsystems at path C:/Program Files/Unity/Hub/Editor/2020.3.8f1/Editor/Data/Resources/UnitySubsystems
[Subsystems] Discovering subsystems at path C:/Users/Ali/Desktop/Unity ders/Platform_Oyunu_2D/Assets
GfxDevice: creating device client; threaded=0
Direct3D:
    Version:  Direct3D 11.0 [level 11.1]
    Renderer: NVIDIA GeForce GTX 1050 (ID=0x1c8d)
    Vendor:   
    VRAM:     1977 MB
    Driver:   27.21.14.6627
Initialize mono
Mono path[0] = 'C:/Program Files/Unity/Hub/Editor/2020.3.8f1/Editor/Data/Managed'
Mono path[1] = 'C:/Program Files/Unity/Hub/Editor/2020.3.8f1/Editor/Data/MonoBleedingEdge/lib/mono/unityjit'
Mono config path = 'C:/Program Files/Unity/Hub/Editor/2020.3.8f1/Editor/Data/MonoBleedingEdge/etc'
Using monoOptions --debugger-agent=transport=dt_socket,embedding=1,server=y,suspend=n,address=127.0.0.1:56992
Begin MonoManager ReloadAssembly
Registering precompiled unity dll's ...
Register platform support module: C:/Program Files/Unity/Hub/Editor/2020.3.8f1/Editor/Data/PlaybackEngines/WebGLSupport/UnityEditor.WebGL.Extensions.dll
Register platform support module: C:/Program Files/Unity/Hub/Editor/2020.3.8f1/Editor/Data/PlaybackEngines/WindowsStandaloneSupport/UnityEditor.WindowsStandalone.Extensions.dll
Registered in 0.002643 seconds.
Native extension for WindowsStandalone target not found
Native extension for WebGL target not found
Refreshing native plugins compatible for Editor in 47.68 ms, found 1 plugins.
Preloading 0 native plugins for Editor in 0.00 ms.
Mono: successfully reloaded assembly
- Completed reload, in  1.267 seconds
Platform modules already initialized, skipping
Registering precompiled user dll's ...
Registered in 0.001039 seconds.
Begin MonoManager ReloadAssembly
Native extension for WindowsStandalone target not found
Native extension for WebGL target not found
Refreshing native plugins compatible for Editor in 45.08 ms, found 1 plugins.
Preloading 0 native plugins for Editor in 0.00 ms.
Mono: successfully reloaded assembly
- Completed reload, in  1.096 seconds
Platform modules already initialized, skipping
========================================================================
Worker process is ready to serve import requests
Launched and connected shader compiler UnityShaderCompiler.exe after 0.07 seconds
Refreshing native plugins compatible for Editor in 0.37 ms, found 1 plugins.
Preloading 0 native plugins for Editor in 0.00 ms.
Unloading 1816 Unused Serialized files (Serialized files now loaded: 0)
System memory in use before: 85.3 MB.
System memory in use after: 85.2 MB.

Unloading 24 unused Assets to reduce memory usage. Loaded Objects now: 2260.
Total: 2.065800 ms (FindLiveObjects: 0.183700 ms CreateObjectMapping: 0.065300 ms MarkObjects: 1.690700 ms  DeleteObjects: 0.125100 ms)

========================================================================
Received Import Request.
  path: Assets/Fonts/FunnyKid.ttf
  artifactKey: Guid(901f185afabc51d44b1516de403b285e) Importer(815301076,1909f56bfc062723c751e8b465ee728b)
Start importing Assets/Fonts/FunnyKid.ttf using Guid(901f185afabc51d44b1516de403b285e) Importer(815301076,1909f56bfc062723c751e8b465ee728b)  -> (artifact id: 'a65605b63cb510ffbf6a4979a767af29') in 0.165752 seconds
  Import took 0.170133 seconds .

========================================================================
Received Import Request.
  Time since last request: 4.561523 seconds.
  path: Assets/Scenes/Level02.unity
  artifactKey: Guid(2a2bd51d8c2d5c44ba6400afcfe5f928) Importer(815301076,1909f56bfc062723c751e8b465ee728b)
Start importing Assets/Scenes/Level02.unity using Guid(2a2bd51d8c2d5c44ba6400afcfe5f928) Importer(815301076,1909f56bfc062723c751e8b465ee728b)  -> (artifact id: '79e324bdaeedf6c6aaa0ae080108f142') in 0.004445 seconds
  Import took 0.007859 seconds .

========================================================================
Received Prepare
Refreshing native plugins compatible for Editor in 2.49 ms, found 1 plugins.
Preloading 0 native plugins for Editor in 0.00 ms.
Unloading 10 Unused Serialized files (Serialized files now loaded: 0)
System memory in use before: 53.0 MB.
System memory in use after: 53.0 MB.

Unloading 10 unused Assets to reduce memory usage. Loaded Objects now: 2304.
Total: 4.720500 ms (FindLiveObjects: 0.243500 ms CreateObjectMapping: 0.131100 ms MarkObjects: 4.132600 ms  DeleteObjects: 0.211700 ms)

AssetImportWorkerClient::OnTransportError - code=2 error=End of file
